Start testing: Feb 27 01:13 PST
----------------------------------------------------------
1/370 Testing: Vec3Test.DefaultConstructorIsZero
1/370 Test: Vec3Test.DefaultConstructorIsZero
Command: "/Users/vincentning/Desktop/TrajSim/build/trajsim_tests" "--gtest_filter=Vec3Test.DefaultConstructorIsZero" "--gtest_also_run_disabled_tests"
Directory: /Users/vincentning/Desktop/TrajSim/build
"Vec3Test.DefaultConstructorIsZero" start time: Feb 27 01:13 PST
Output:
----------------------------------------------------------
Running main() from /Users/vincentning/Desktop/TrajSim/build/_deps/googletest-src/googletest/src/gtest_main.cc
Note: Google Test filter = Vec3Test.DefaultConstructorIsZero
[==========] Running 1 test from 1 test suite.
[----------] Global test environment set-up.
[----------] 1 test from Vec3Test
[ RUN      ] Vec3Test.DefaultConstructorIsZero
[       OK ] Vec3Test.DefaultConstructorIsZero (0 ms)
[----------] 1 test from Vec3Test (0 ms total)

[----------] Global test environment tear-down
[==========] 1 test from 1 test suite ran. (0 ms total)
[  PASSED  ] 1 test.
<end of output>
Test time =   0.01 sec
----------------------------------------------------------
Test Passed.
"Vec3Test.DefaultConstructorIsZero" end time: Feb 27 01:13 PST
"Vec3Test.DefaultConstructorIsZero" time elapsed: 00:00:00
----------------------------------------------------------

2/370 Testing: Vec3Test.ComponentConstructor
2/370 Test: Vec3Test.ComponentConstructor
Command: "/Users/vincentning/Desktop/TrajSim/build/trajsim_tests" "--gtest_filter=Vec3Test.ComponentConstructor" "--gtest_also_run_disabled_tests"
Directory: /Users/vincentning/Desktop/TrajSim/build
"Vec3Test.ComponentConstructor" start time: Feb 27 01:13 PST
Output:
----------------------------------------------------------
Running main() from /Users/vincentning/Desktop/TrajSim/build/_deps/googletest-src/googletest/src/gtest_main.cc
Note: Google Test filter = Vec3Test.ComponentConstructor
[==========] Running 1 test from 1 test suite.
[----------] Global test environment set-up.
[----------] 1 test from Vec3Test
[ RUN      ] Vec3Test.ComponentConstructor
[       OK ] Vec3Test.ComponentConstructor (0 ms)
[----------] 1 test from Vec3Test (0 ms total)

[----------] Global test environment tear-down
[==========] 1 test from 1 test suite ran. (0 ms total)
[  PASSED  ] 1 test.
<end of output>
Test time =   0.01 sec
----------------------------------------------------------
Test Passed.
"Vec3Test.ComponentConstructor" end time: Feb 27 01:13 PST
"Vec3Test.ComponentConstructor" time elapsed: 00:00:00
----------------------------------------------------------

3/370 Testing: Vec3Test.CopyConstructor
3/370 Test: Vec3Test.CopyConstructor
Command: "/Users/vincentning/Desktop/TrajSim/build/trajsim_tests" "--gtest_filter=Vec3Test.CopyConstructor" "--gtest_also_run_disabled_tests"
Directory: /Users/vincentning/Desktop/TrajSim/build
"Vec3Test.CopyConstructor" start time: Feb 27 01:13 PST
Output:
----------------------------------------------------------
Running main() from /Users/vincentning/Desktop/TrajSim/build/_deps/googletest-src/googletest/src/gtest_main.cc
Note: Google Test filter = Vec3Test.CopyConstructor
[==========] Running 1 test from 1 test suite.
[----------] Global test environment set-up.
[----------] 1 test from Vec3Test
[ RUN      ] Vec3Test.CopyConstructor
[       OK ] Vec3Test.CopyConstructor (0 ms)
[----------] 1 test from Vec3Test (0 ms total)

[----------] Global test environment tear-down
[==========] 1 test from 1 test suite ran. (0 ms total)
[  PASSED  ] 1 test.
<end of output>
Test time =   0.01 sec
----------------------------------------------------------
Test Passed.
"Vec3Test.CopyConstructor" end time: Feb 27 01:13 PST
"Vec3Test.CopyConstructor" time elapsed: 00:00:00
----------------------------------------------------------

4/370 Testing: Vec3Test.CopyAssignment
4/370 Test: Vec3Test.CopyAssignment
Command: "/Users/vincentning/Desktop/TrajSim/build/trajsim_tests" "--gtest_filter=Vec3Test.CopyAssignment" "--gtest_also_run_disabled_tests"
Directory: /Users/vincentning/Desktop/TrajSim/build
"Vec3Test.CopyAssignment" start time: Feb 27 01:13 PST
Output:
----------------------------------------------------------
Running main() from /Users/vincentning/Desktop/TrajSim/build/_deps/googletest-src/googletest/src/gtest_main.cc
Note: Google Test filter = Vec3Test.CopyAssignment
[==========] Running 1 test from 1 test suite.
[----------] Global test environment set-up.
[----------] 1 test from Vec3Test
[ RUN      ] Vec3Test.CopyAssignment
[       OK ] Vec3Test.CopyAssignment (0 ms)
[----------] 1 test from Vec3Test (0 ms total)

[----------] Global test environment tear-down
[==========] 1 test from 1 test suite ran. (0 ms total)
[  PASSED  ] 1 test.
<end of output>
Test time =   0.01 sec
----------------------------------------------------------
Test Passed.
"Vec3Test.CopyAssignment" end time: Feb 27 01:13 PST
"Vec3Test.CopyAssignment" time elapsed: 00:00:00
----------------------------------------------------------

5/370 Testing: Vec3Test.ZeroFactory
5/370 Test: Vec3Test.ZeroFactory
Command: "/Users/vincentning/Desktop/TrajSim/build/trajsim_tests" "--gtest_filter=Vec3Test.ZeroFactory" "--gtest_also_run_disabled_tests"
Directory: /Users/vincentning/Desktop/TrajSim/build
"Vec3Test.ZeroFactory" start time: Feb 27 01:13 PST
Output:
----------------------------------------------------------
Running main() from /Users/vincentning/Desktop/TrajSim/build/_deps/googletest-src/googletest/src/gtest_main.cc
Note: Google Test filter = Vec3Test.ZeroFactory
[==========] Running 1 test from 1 test suite.
[----------] Global test environment set-up.
[----------] 1 test from Vec3Test
[ RUN      ] Vec3Test.ZeroFactory
[       OK ] Vec3Test.ZeroFactory (0 ms)
[----------] 1 test from Vec3Test (0 ms total)

[----------] Global test environment tear-down
[==========] 1 test from 1 test suite ran. (0 ms total)
[  PASSED  ] 1 test.
<end of output>
Test time =   0.01 sec
----------------------------------------------------------
Test Passed.
"Vec3Test.ZeroFactory" end time: Feb 27 01:13 PST
"Vec3Test.ZeroFactory" time elapsed: 00:00:00
----------------------------------------------------------

6/370 Testing: Vec3Test.UnitXFactory
6/370 Test: Vec3Test.UnitXFactory
Command: "/Users/vincentning/Desktop/TrajSim/build/trajsim_tests" "--gtest_filter=Vec3Test.UnitXFactory" "--gtest_also_run_disabled_tests"
Directory: /Users/vincentning/Desktop/TrajSim/build
"Vec3Test.UnitXFactory" start time: Feb 27 01:13 PST
Output:
----------------------------------------------------------
Running main() from /Users/vincentning/Desktop/TrajSim/build/_deps/googletest-src/googletest/src/gtest_main.cc
Note: Google Test filter = Vec3Test.UnitXFactory
[==========] Running 1 test from 1 test suite.
[----------] Global test environment set-up.
[----------] 1 test from Vec3Test
[ RUN      ] Vec3Test.UnitXFactory
[       OK ] Vec3Test.UnitXFactory (0 ms)
[----------] 1 test from Vec3Test (0 ms total)

[----------] Global test environment tear-down
[==========] 1 test from 1 test suite ran. (0 ms total)
[  PASSED  ] 1 test.
<end of output>
Test time =   0.01 sec
----------------------------------------------------------
Test Passed.
"Vec3Test.UnitXFactory" end time: Feb 27 01:13 PST
"Vec3Test.UnitXFactory" time elapsed: 00:00:00
----------------------------------------------------------

7/370 Testing: Vec3Test.UnitYFactory
7/370 Test: Vec3Test.UnitYFactory
Command: "/Users/vincentning/Desktop/TrajSim/build/trajsim_tests" "--gtest_filter=Vec3Test.UnitYFactory" "--gtest_also_run_disabled_tests"
Directory: /Users/vincentning/Desktop/TrajSim/build
"Vec3Test.UnitYFactory" start time: Feb 27 01:13 PST
Output:
----------------------------------------------------------
Running main() from /Users/vincentning/Desktop/TrajSim/build/_deps/googletest-src/googletest/src/gtest_main.cc
Note: Google Test filter = Vec3Test.UnitYFactory
[==========] Running 1 test from 1 test suite.
[----------] Global test environment set-up.
[----------] 1 test from Vec3Test
[ RUN      ] Vec3Test.UnitYFactory
[       OK ] Vec3Test.UnitYFactory (0 ms)
[----------] 1 test from Vec3Test (0 ms total)

[----------] Global test environment tear-down
[==========] 1 test from 1 test suite ran. (0 ms total)
[  PASSED  ] 1 test.
<end of output>
Test time =   0.01 sec
----------------------------------------------------------
Test Passed.
"Vec3Test.UnitYFactory" end time: Feb 27 01:13 PST
"Vec3Test.UnitYFactory" time elapsed: 00:00:00
----------------------------------------------------------

8/370 Testing: Vec3Test.UnitZFactory
8/370 Test: Vec3Test.UnitZFactory
Command: "/Users/vincentning/Desktop/TrajSim/build/trajsim_tests" "--gtest_filter=Vec3Test.UnitZFactory" "--gtest_also_run_disabled_tests"
Directory: /Users/vincentning/Desktop/TrajSim/build
"Vec3Test.UnitZFactory" start time: Feb 27 01:13 PST
Output:
----------------------------------------------------------
Running main() from /Users/vincentning/Desktop/TrajSim/build/_deps/googletest-src/googletest/src/gtest_main.cc
Note: Google Test filter = Vec3Test.UnitZFactory
[==========] Running 1 test from 1 test suite.
[----------] Global test environment set-up.
[----------] 1 test from Vec3Test
[ RUN      ] Vec3Test.UnitZFactory
[       OK ] Vec3Test.UnitZFactory (0 ms)
[----------] 1 test from Vec3Test (0 ms total)

[----------] Global test environment tear-down
[==========] 1 test from 1 test suite ran. (0 ms total)
[  PASSED  ] 1 test.
<end of output>
Test time =   0.01 sec
----------------------------------------------------------
Test Passed.
"Vec3Test.UnitZFactory" end time: Feb 27 01:13 PST
"Vec3Test.UnitZFactory" time elapsed: 00:00:00
----------------------------------------------------------

9/370 Testing: Vec3Test.IndexedAccessRead
9/370 Test: Vec3Test.IndexedAccessRead
Command: "/Users/vincentning/Desktop/TrajSim/build/trajsim_tests" "--gtest_filter=Vec3Test.IndexedAccessRead" "--gtest_also_run_disabled_tests"
Directory: /Users/vincentning/Desktop/TrajSim/build
"Vec3Test.IndexedAccessRead" start time: Feb 27 01:13 PST
Output:
----------------------------------------------------------
Running main() from /Users/vincentning/Desktop/TrajSim/build/_deps/googletest-src/googletest/src/gtest_main.cc
Note: Google Test filter = Vec3Test.IndexedAccessRead
[==========] Running 1 test from 1 test suite.
[----------] Global test environment set-up.
[----------] 1 test from Vec3Test
[ RUN      ] Vec3Test.IndexedAccessRead
[       OK ] Vec3Test.IndexedAccessRead (0 ms)
[----------] 1 test from Vec3Test (0 ms total)

[----------] Global test environment tear-down
[==========] 1 test from 1 test suite ran. (0 ms total)
[  PASSED  ] 1 test.
<end of output>
Test time =   0.01 sec
----------------------------------------------------------
Test Passed.
"Vec3Test.IndexedAccessRead" end time: Feb 27 01:13 PST
"Vec3Test.IndexedAccessRead" time elapsed: 00:00:00
----------------------------------------------------------

10/370 Testing: Vec3Test.IndexedAccessWrite
10/370 Test: Vec3Test.IndexedAccessWrite
Command: "/Users/vincentning/Desktop/TrajSim/build/trajsim_tests" "--gtest_filter=Vec3Test.IndexedAccessWrite" "--gtest_also_run_disabled_tests"
Directory: /Users/vincentning/Desktop/TrajSim/build
"Vec3Test.IndexedAccessWrite" start time: Feb 27 01:13 PST
Output:
----------------------------------------------------------
Running main() from /Users/vincentning/Desktop/TrajSim/build/_deps/googletest-src/googletest/src/gtest_main.cc
Note: Google Test filter = Vec3Test.IndexedAccessWrite
[==========] Running 1 test from 1 test suite.
[----------] Global test environment set-up.
[----------] 1 test from Vec3Test
[ RUN      ] Vec3Test.IndexedAccessWrite
[       OK ] Vec3Test.IndexedAccessWrite (0 ms)
[----------] 1 test from Vec3Test (0 ms total)

[----------] Global test environment tear-down
[==========] 1 test from 1 test suite ran. (0 ms total)
[  PASSED  ] 1 test.
<end of output>
Test time =   0.01 sec
----------------------------------------------------------
Test Passed.
"Vec3Test.IndexedAccessWrite" end time: Feb 27 01:13 PST
"Vec3Test.IndexedAccessWrite" time elapsed: 00:00:00
----------------------------------------------------------

11/370 Testing: Vec3Test.IndexedAccessConst
11/370 Test: Vec3Test.IndexedAccessConst
Command: "/Users/vincentning/Desktop/TrajSim/build/trajsim_tests" "--gtest_filter=Vec3Test.IndexedAccessConst" "--gtest_also_run_disabled_tests"
Directory: /Users/vincentning/Desktop/TrajSim/build
"Vec3Test.IndexedAccessConst" start time: Feb 27 01:13 PST
Output:
----------------------------------------------------------
Running main() from /Users/vincentning/Desktop/TrajSim/build/_deps/googletest-src/googletest/src/gtest_main.cc
Note: Google Test filter = Vec3Test.IndexedAccessConst
[==========] Running 1 test from 1 test suite.
[----------] Global test environment set-up.
[----------] 1 test from Vec3Test
[ RUN      ] Vec3Test.IndexedAccessConst
[       OK ] Vec3Test.IndexedAccessConst (0 ms)
[----------] 1 test from Vec3Test (0 ms total)

[----------] Global test environment tear-down
[==========] 1 test from 1 test suite ran. (0 ms total)
[  PASSED  ] 1 test.
<end of output>
Test time =   0.01 sec
----------------------------------------------------------
Test Passed.
"Vec3Test.IndexedAccessConst" end time: Feb 27 01:13 PST
"Vec3Test.IndexedAccessConst" time elapsed: 00:00:00
----------------------------------------------------------

12/370 Testing: Vec3Test.Addition
12/370 Test: Vec3Test.Addition
Command: "/Users/vincentning/Desktop/TrajSim/build/trajsim_tests" "--gtest_filter=Vec3Test.Addition" "--gtest_also_run_disabled_tests"
Directory: /Users/vincentning/Desktop/TrajSim/build
"Vec3Test.Addition" start time: Feb 27 01:13 PST
Output:
----------------------------------------------------------
Running main() from /Users/vincentning/Desktop/TrajSim/build/_deps/googletest-src/googletest/src/gtest_main.cc
Note: Google Test filter = Vec3Test.Addition
[==========] Running 1 test from 1 test suite.
[----------] Global test environment set-up.
[----------] 1 test from Vec3Test
[ RUN      ] Vec3Test.Addition
[       OK ] Vec3Test.Addition (0 ms)
[----------] 1 test from Vec3Test (0 ms total)

[----------] Global test environment tear-down
[==========] 1 test from 1 test suite ran. (0 ms total)
[  PASSED  ] 1 test.
<end of output>
Test time =   0.01 sec
----------------------------------------------------------
Test Passed.
"Vec3Test.Addition" end time: Feb 27 01:13 PST
"Vec3Test.Addition" time elapsed: 00:00:00
----------------------------------------------------------

13/370 Testing: Vec3Test.Subtraction
13/370 Test: Vec3Test.Subtraction
Command: "/Users/vincentning/Desktop/TrajSim/build/trajsim_tests" "--gtest_filter=Vec3Test.Subtraction" "--gtest_also_run_disabled_tests"
Directory: /Users/vincentning/Desktop/TrajSim/build
"Vec3Test.Subtraction" start time: Feb 27 01:13 PST
Output:
----------------------------------------------------------
Running main() from /Users/vincentning/Desktop/TrajSim/build/_deps/googletest-src/googletest/src/gtest_main.cc
Note: Google Test filter = Vec3Test.Subtraction
[==========] Running 1 test from 1 test suite.
[----------] Global test environment set-up.
[----------] 1 test from Vec3Test
[ RUN      ] Vec3Test.Subtraction
[       OK ] Vec3Test.Subtraction (0 ms)
[----------] 1 test from Vec3Test (0 ms total)

[----------] Global test environment tear-down
[==========] 1 test from 1 test suite ran. (0 ms total)
[  PASSED  ] 1 test.
<end of output>
Test time =   0.01 sec
----------------------------------------------------------
Test Passed.
"Vec3Test.Subtraction" end time: Feb 27 01:13 PST
"Vec3Test.Subtraction" time elapsed: 00:00:00
----------------------------------------------------------

14/370 Testing: Vec3Test.ScalarMultiplication
14/370 Test: Vec3Test.ScalarMultiplication
Command: "/Users/vincentning/Desktop/TrajSim/build/trajsim_tests" "--gtest_filter=Vec3Test.ScalarMultiplication" "--gtest_also_run_disabled_tests"
Directory: /Users/vincentning/Desktop/TrajSim/build
"Vec3Test.ScalarMultiplication" start time: Feb 27 01:13 PST
Output:
----------------------------------------------------------
Running main() from /Users/vincentning/Desktop/TrajSim/build/_deps/googletest-src/googletest/src/gtest_main.cc
Note: Google Test filter = Vec3Test.ScalarMultiplication
[==========] Running 1 test from 1 test suite.
[----------] Global test environment set-up.
[----------] 1 test from Vec3Test
[ RUN      ] Vec3Test.ScalarMultiplication
[       OK ] Vec3Test.ScalarMultiplication (0 ms)
[----------] 1 test from Vec3Test (0 ms total)

[----------] Global test environment tear-down
[==========] 1 test from 1 test suite ran. (0 ms total)
[  PASSED  ] 1 test.
<end of output>
Test time =   0.01 sec
----------------------------------------------------------
Test Passed.
"Vec3Test.ScalarMultiplication" end time: Feb 27 01:13 PST
"Vec3Test.ScalarMultiplication" time elapsed: 00:00:00
----------------------------------------------------------

15/370 Testing: Vec3Test.ScalarMultiplicationReverse
15/370 Test: Vec3Test.ScalarMultiplicationReverse
Command: "/Users/vincentning/Desktop/TrajSim/build/trajsim_tests" "--gtest_filter=Vec3Test.ScalarMultiplicationReverse" "--gtest_also_run_disabled_tests"
Directory: /Users/vincentning/Desktop/TrajSim/build
"Vec3Test.ScalarMultiplicationReverse" start time: Feb 27 01:13 PST
Output:
----------------------------------------------------------
Running main() from /Users/vincentning/Desktop/TrajSim/build/_deps/googletest-src/googletest/src/gtest_main.cc
Note: Google Test filter = Vec3Test.ScalarMultiplicationReverse
[==========] Running 1 test from 1 test suite.
[----------] Global test environment set-up.
[----------] 1 test from Vec3Test
[ RUN      ] Vec3Test.ScalarMultiplicationReverse
[       OK ] Vec3Test.ScalarMultiplicationReverse (0 ms)
[----------] 1 test from Vec3Test (0 ms total)

[----------] Global test environment tear-down
[==========] 1 test from 1 test suite ran. (0 ms total)
[  PASSED  ] 1 test.
<end of output>
Test time =   0.01 sec
----------------------------------------------------------
Test Passed.
"Vec3Test.ScalarMultiplicationReverse" end time: Feb 27 01:13 PST
"Vec3Test.ScalarMultiplicationReverse" time elapsed: 00:00:00
----------------------------------------------------------

16/370 Testing: Vec3Test.ScalarDivision
16/370 Test: Vec3Test.ScalarDivision
Command: "/Users/vincentning/Desktop/TrajSim/build/trajsim_tests" "--gtest_filter=Vec3Test.ScalarDivision" "--gtest_also_run_disabled_tests"
Directory: /Users/vincentning/Desktop/TrajSim/build
"Vec3Test.ScalarDivision" start time: Feb 27 01:13 PST
Output:
----------------------------------------------------------
Running main() from /Users/vincentning/Desktop/TrajSim/build/_deps/googletest-src/googletest/src/gtest_main.cc
Note: Google Test filter = Vec3Test.ScalarDivision
[==========] Running 1 test from 1 test suite.
[----------] Global test environment set-up.
[----------] 1 test from Vec3Test
[ RUN      ] Vec3Test.ScalarDivision
[       OK ] Vec3Test.ScalarDivision (0 ms)
[----------] 1 test from Vec3Test (0 ms total)

[----------] Global test environment tear-down
[==========] 1 test from 1 test suite ran. (0 ms total)
[  PASSED  ] 1 test.
<end of output>
Test time =   0.01 sec
----------------------------------------------------------
Test Passed.
"Vec3Test.ScalarDivision" end time: Feb 27 01:13 PST
"Vec3Test.ScalarDivision" time elapsed: 00:00:00
----------------------------------------------------------

17/370 Testing: Vec3Test.Negation
17/370 Test: Vec3Test.Negation
Command: "/Users/vincentning/Desktop/TrajSim/build/trajsim_tests" "--gtest_filter=Vec3Test.Negation" "--gtest_also_run_disabled_tests"
Directory: /Users/vincentning/Desktop/TrajSim/build
"Vec3Test.Negation" start time: Feb 27 01:13 PST
Output:
----------------------------------------------------------
Running main() from /Users/vincentning/Desktop/TrajSim/build/_deps/googletest-src/googletest/src/gtest_main.cc
Note: Google Test filter = Vec3Test.Negation
[==========] Running 1 test from 1 test suite.
[----------] Global test environment set-up.
[----------] 1 test from Vec3Test
[ RUN      ] Vec3Test.Negation
[       OK ] Vec3Test.Negation (0 ms)
[----------] 1 test from Vec3Test (0 ms total)

[----------] Global test environment tear-down
[==========] 1 test from 1 test suite ran. (0 ms total)
[  PASSED  ] 1 test.
<end of output>
Test time =   0.01 sec
----------------------------------------------------------
Test Passed.
"Vec3Test.Negation" end time: Feb 27 01:13 PST
"Vec3Test.Negation" time elapsed: 00:00:00
----------------------------------------------------------

18/370 Testing: Vec3Test.DoubleNegationIsIdentity
18/370 Test: Vec3Test.DoubleNegationIsIdentity
Command: "/Users/vincentning/Desktop/TrajSim/build/trajsim_tests" "--gtest_filter=Vec3Test.DoubleNegationIsIdentity" "--gtest_also_run_disabled_tests"
Directory: /Users/vincentning/Desktop/TrajSim/build
"Vec3Test.DoubleNegationIsIdentity" start time: Feb 27 01:13 PST
Output:
----------------------------------------------------------
Running main() from /Users/vincentning/Desktop/TrajSim/build/_deps/googletest-src/googletest/src/gtest_main.cc
Note: Google Test filter = Vec3Test.DoubleNegationIsIdentity
[==========] Running 1 test from 1 test suite.
[----------] Global test environment set-up.
[----------] 1 test from Vec3Test
[ RUN      ] Vec3Test.DoubleNegationIsIdentity
[       OK ] Vec3Test.DoubleNegationIsIdentity (0 ms)
[----------] 1 test from Vec3Test (0 ms total)

[----------] Global test environment tear-down
[==========] 1 test from 1 test suite ran. (0 ms total)
[  PASSED  ] 1 test.
<end of output>
Test time =   0.01 sec
----------------------------------------------------------
Test Passed.
"Vec3Test.DoubleNegationIsIdentity" end time: Feb 27 01:13 PST
"Vec3Test.DoubleNegationIsIdentity" time elapsed: 00:00:00
----------------------------------------------------------

19/370 Testing: Vec3Test.AddAssign
19/370 Test: Vec3Test.AddAssign
Command: "/Users/vincentning/Desktop/TrajSim/build/trajsim_tests" "--gtest_filter=Vec3Test.AddAssign" "--gtest_also_run_disabled_tests"
Directory: /Users/vincentning/Desktop/TrajSim/build
"Vec3Test.AddAssign" start time: Feb 27 01:13 PST
Output:
----------------------------------------------------------
Running main() from /Users/vincentning/Desktop/TrajSim/build/_deps/googletest-src/googletest/src/gtest_main.cc
Note: Google Test filter = Vec3Test.AddAssign
[==========] Running 1 test from 1 test suite.
[----------] Global test environment set-up.
[----------] 1 test from Vec3Test
[ RUN      ] Vec3Test.AddAssign
[       OK ] Vec3Test.AddAssign (0 ms)
[----------] 1 test from Vec3Test (0 ms total)

[----------] Global test environment tear-down
[==========] 1 test from 1 test suite ran. (0 ms total)
[  PASSED  ] 1 test.
<end of output>
Test time =   0.01 sec
----------------------------------------------------------
Test Passed.
"Vec3Test.AddAssign" end time: Feb 27 01:13 PST
"Vec3Test.AddAssign" time elapsed: 00:00:00
----------------------------------------------------------

20/370 Testing: Vec3Test.ChainedAssignment
20/370 Test: Vec3Test.ChainedAssignment
Command: "/Users/vincentning/Desktop/TrajSim/build/trajsim_tests" "--gtest_filter=Vec3Test.ChainedAssignment" "--gtest_also_run_disabled_tests"
Directory: /Users/vincentning/Desktop/TrajSim/build
"Vec3Test.ChainedAssignment" start time: Feb 27 01:13 PST
Output:
----------------------------------------------------------
Running main() from /Users/vincentning/Desktop/TrajSim/build/_deps/googletest-src/googletest/src/gtest_main.cc
Note: Google Test filter = Vec3Test.ChainedAssignment
[==========] Running 1 test from 1 test suite.
[----------] Global test environment set-up.
[----------] 1 test from Vec3Test
[ RUN      ] Vec3Test.ChainedAssignment
[       OK ] Vec3Test.ChainedAssignment (0 ms)
[----------] 1 test from Vec3Test (0 ms total)

[----------] Global test environment tear-down
[==========] 1 test from 1 test suite ran. (0 ms total)
[  PASSED  ] 1 test.
<end of output>
Test time =   0.01 sec
----------------------------------------------------------
Test Passed.
"Vec3Test.ChainedAssignment" end time: Feb 27 01:13 PST
"Vec3Test.ChainedAssignment" time elapsed: 00:00:00
----------------------------------------------------------

21/370 Testing: Vec3Test.SubtractAssign
21/370 Test: Vec3Test.SubtractAssign
Command: "/Users/vincentning/Desktop/TrajSim/build/trajsim_tests" "--gtest_filter=Vec3Test.SubtractAssign" "--gtest_also_run_disabled_tests"
Directory: /Users/vincentning/Desktop/TrajSim/build
"Vec3Test.SubtractAssign" start time: Feb 27 01:13 PST
Output:
----------------------------------------------------------
Running main() from /Users/vincentning/Desktop/TrajSim/build/_deps/googletest-src/googletest/src/gtest_main.cc
Note: Google Test filter = Vec3Test.SubtractAssign
[==========] Running 1 test from 1 test suite.
[----------] Global test environment set-up.
[----------] 1 test from Vec3Test
[ RUN      ] Vec3Test.SubtractAssign
[       OK ] Vec3Test.SubtractAssign (0 ms)
[----------] 1 test from Vec3Test (0 ms total)

[----------] Global test environment tear-down
[==========] 1 test from 1 test suite ran. (0 ms total)
[  PASSED  ] 1 test.
<end of output>
Test time =   0.01 sec
----------------------------------------------------------
Test Passed.
"Vec3Test.SubtractAssign" end time: Feb 27 01:13 PST
"Vec3Test.SubtractAssign" time elapsed: 00:00:00
----------------------------------------------------------

22/370 Testing: Vec3Test.MultiplyAssign
22/370 Test: Vec3Test.MultiplyAssign
Command: "/Users/vincentning/Desktop/TrajSim/build/trajsim_tests" "--gtest_filter=Vec3Test.MultiplyAssign" "--gtest_also_run_disabled_tests"
Directory: /Users/vincentning/Desktop/TrajSim/build
"Vec3Test.MultiplyAssign" start time: Feb 27 01:13 PST
Output:
----------------------------------------------------------
Running main() from /Users/vincentning/Desktop/TrajSim/build/_deps/googletest-src/googletest/src/gtest_main.cc
Note: Google Test filter = Vec3Test.MultiplyAssign
[==========] Running 1 test from 1 test suite.
[----------] Global test environment set-up.
[----------] 1 test from Vec3Test
[ RUN      ] Vec3Test.MultiplyAssign
[       OK ] Vec3Test.MultiplyAssign (0 ms)
[----------] 1 test from Vec3Test (0 ms total)

[----------] Global test environment tear-down
[==========] 1 test from 1 test suite ran. (0 ms total)
[  PASSED  ] 1 test.
<end of output>
Test time =   0.01 sec
----------------------------------------------------------
Test Passed.
"Vec3Test.MultiplyAssign" end time: Feb 27 01:13 PST
"Vec3Test.MultiplyAssign" time elapsed: 00:00:00
----------------------------------------------------------

23/370 Testing: Vec3Test.DivideAssign
23/370 Test: Vec3Test.DivideAssign
Command: "/Users/vincentning/Desktop/TrajSim/build/trajsim_tests" "--gtest_filter=Vec3Test.DivideAssign" "--gtest_also_run_disabled_tests"
Directory: /Users/vincentning/Desktop/TrajSim/build
"Vec3Test.DivideAssign" start time: Feb 27 01:13 PST
Output:
----------------------------------------------------------
Running main() from /Users/vincentning/Desktop/TrajSim/build/_deps/googletest-src/googletest/src/gtest_main.cc
Note: Google Test filter = Vec3Test.DivideAssign
[==========] Running 1 test from 1 test suite.
[----------] Global test environment set-up.
[----------] 1 test from Vec3Test
[ RUN      ] Vec3Test.DivideAssign
[       OK ] Vec3Test.DivideAssign (0 ms)
[----------] 1 test from Vec3Test (0 ms total)

[----------] Global test environment tear-down
[==========] 1 test from 1 test suite ran. (0 ms total)
[  PASSED  ] 1 test.
<end of output>
Test time =   0.01 sec
----------------------------------------------------------
Test Passed.
"Vec3Test.DivideAssign" end time: Feb 27 01:13 PST
"Vec3Test.DivideAssign" time elapsed: 00:00:00
----------------------------------------------------------

24/370 Testing: Vec3Test.EqualityTrue
24/370 Test: Vec3Test.EqualityTrue
Command: "/Users/vincentning/Desktop/TrajSim/build/trajsim_tests" "--gtest_filter=Vec3Test.EqualityTrue" "--gtest_also_run_disabled_tests"
Directory: /Users/vincentning/Desktop/TrajSim/build
"Vec3Test.EqualityTrue" start time: Feb 27 01:13 PST
Output:
----------------------------------------------------------
Running main() from /Users/vincentning/Desktop/TrajSim/build/_deps/googletest-src/googletest/src/gtest_main.cc
Note: Google Test filter = Vec3Test.EqualityTrue
[==========] Running 1 test from 1 test suite.
[----------] Global test environment set-up.
[----------] 1 test from Vec3Test
[ RUN      ] Vec3Test.EqualityTrue
[       OK ] Vec3Test.EqualityTrue (0 ms)
[----------] 1 test from Vec3Test (0 ms total)

[----------] Global test environment tear-down
[==========] 1 test from 1 test suite ran. (0 ms total)
[  PASSED  ] 1 test.
<end of output>
Test time =   0.01 sec
----------------------------------------------------------
Test Passed.
"Vec3Test.EqualityTrue" end time: Feb 27 01:13 PST
"Vec3Test.EqualityTrue" time elapsed: 00:00:00
----------------------------------------------------------

25/370 Testing: Vec3Test.EqualityFalse
25/370 Test: Vec3Test.EqualityFalse
Command: "/Users/vincentning/Desktop/TrajSim/build/trajsim_tests" "--gtest_filter=Vec3Test.EqualityFalse" "--gtest_also_run_disabled_tests"
Directory: /Users/vincentning/Desktop/TrajSim/build
"Vec3Test.EqualityFalse" start time: Feb 27 01:13 PST
Output:
----------------------------------------------------------
Running main() from /Users/vincentning/Desktop/TrajSim/build/_deps/googletest-src/googletest/src/gtest_main.cc
Note: Google Test filter = Vec3Test.EqualityFalse
[==========] Running 1 test from 1 test suite.
[----------] Global test environment set-up.
[----------] 1 test from Vec3Test
[ RUN      ] Vec3Test.EqualityFalse
[       OK ] Vec3Test.EqualityFalse (0 ms)
[----------] 1 test from Vec3Test (0 ms total)

[----------] Global test environment tear-down
[==========] 1 test from 1 test suite ran. (0 ms total)
[  PASSED  ] 1 test.
<end of output>
Test time =   0.01 sec
----------------------------------------------------------
Test Passed.
"Vec3Test.EqualityFalse" end time: Feb 27 01:13 PST
"Vec3Test.EqualityFalse" time elapsed: 00:00:00
----------------------------------------------------------

26/370 Testing: Vec3Test.NearEqualWithinTolerance
26/370 Test: Vec3Test.NearEqualWithinTolerance
Command: "/Users/vincentning/Desktop/TrajSim/build/trajsim_tests" "--gtest_filter=Vec3Test.NearEqualWithinTolerance" "--gtest_also_run_disabled_tests"
Directory: /Users/vincentning/Desktop/TrajSim/build
"Vec3Test.NearEqualWithinTolerance" start time: Feb 27 01:13 PST
Output:
----------------------------------------------------------
Running main() from /Users/vincentning/Desktop/TrajSim/build/_deps/googletest-src/googletest/src/gtest_main.cc
Note: Google Test filter = Vec3Test.NearEqualWithinTolerance
[==========] Running 1 test from 1 test suite.
[----------] Global test environment set-up.
[----------] 1 test from Vec3Test
[ RUN      ] Vec3Test.NearEqualWithinTolerance
[       OK ] Vec3Test.NearEqualWithinTolerance (0 ms)
[----------] 1 test from Vec3Test (0 ms total)

[----------] Global test environment tear-down
[==========] 1 test from 1 test suite ran. (0 ms total)
[  PASSED  ] 1 test.
<end of output>
Test time =   0.01 sec
----------------------------------------------------------
Test Passed.
"Vec3Test.NearEqualWithinTolerance" end time: Feb 27 01:13 PST
"Vec3Test.NearEqualWithinTolerance" time elapsed: 00:00:00
----------------------------------------------------------

27/370 Testing: Vec3Test.NearEqualOutsideTolerance
27/370 Test: Vec3Test.NearEqualOutsideTolerance
Command: "/Users/vincentning/Desktop/TrajSim/build/trajsim_tests" "--gtest_filter=Vec3Test.NearEqualOutsideTolerance" "--gtest_also_run_disabled_tests"
Directory: /Users/vincentning/Desktop/TrajSim/build
"Vec3Test.NearEqualOutsideTolerance" start time: Feb 27 01:13 PST
Output:
----------------------------------------------------------
Running main() from /Users/vincentning/Desktop/TrajSim/build/_deps/googletest-src/googletest/src/gtest_main.cc
Note: Google Test filter = Vec3Test.NearEqualOutsideTolerance
[==========] Running 1 test from 1 test suite.
[----------] Global test environment set-up.
[----------] 1 test from Vec3Test
[ RUN      ] Vec3Test.NearEqualOutsideTolerance
[       OK ] Vec3Test.NearEqualOutsideTolerance (0 ms)
[----------] 1 test from Vec3Test (0 ms total)

[----------] Global test environment tear-down
[==========] 1 test from 1 test suite ran. (0 ms total)
[  PASSED  ] 1 test.
<end of output>
Test time =   0.01 sec
----------------------------------------------------------
Test Passed.
"Vec3Test.NearEqualOutsideTolerance" end time: Feb 27 01:13 PST
"Vec3Test.NearEqualOutsideTolerance" time elapsed: 00:00:00
----------------------------------------------------------

28/370 Testing: Vec3Test.MagnitudeZeroVector
28/370 Test: Vec3Test.MagnitudeZeroVector
Command: "/Users/vincentning/Desktop/TrajSim/build/trajsim_tests" "--gtest_filter=Vec3Test.MagnitudeZeroVector" "--gtest_also_run_disabled_tests"
Directory: /Users/vincentning/Desktop/TrajSim/build
"Vec3Test.MagnitudeZeroVector" start time: Feb 27 01:13 PST
Output:
----------------------------------------------------------
Running main() from /Users/vincentning/Desktop/TrajSim/build/_deps/googletest-src/googletest/src/gtest_main.cc
Note: Google Test filter = Vec3Test.MagnitudeZeroVector
[==========] Running 1 test from 1 test suite.
[----------] Global test environment set-up.
[----------] 1 test from Vec3Test
[ RUN      ] Vec3Test.MagnitudeZeroVector
[       OK ] Vec3Test.MagnitudeZeroVector (0 ms)
[----------] 1 test from Vec3Test (0 ms total)

[----------] Global test environment tear-down
[==========] 1 test from 1 test suite ran. (0 ms total)
[  PASSED  ] 1 test.
<end of output>
Test time =   0.01 sec
----------------------------------------------------------
Test Passed.
"Vec3Test.MagnitudeZeroVector" end time: Feb 27 01:13 PST
"Vec3Test.MagnitudeZeroVector" time elapsed: 00:00:00
----------------------------------------------------------

29/370 Testing: Vec3Test.MagnitudeUnitVectors
29/370 Test: Vec3Test.MagnitudeUnitVectors
Command: "/Users/vincentning/Desktop/TrajSim/build/trajsim_tests" "--gtest_filter=Vec3Test.MagnitudeUnitVectors" "--gtest_also_run_disabled_tests"
Directory: /Users/vincentning/Desktop/TrajSim/build
"Vec3Test.MagnitudeUnitVectors" start time: Feb 27 01:13 PST
Output:
----------------------------------------------------------
Running main() from /Users/vincentning/Desktop/TrajSim/build/_deps/googletest-src/googletest/src/gtest_main.cc
Note: Google Test filter = Vec3Test.MagnitudeUnitVectors
[==========] Running 1 test from 1 test suite.
[----------] Global test environment set-up.
[----------] 1 test from Vec3Test
[ RUN      ] Vec3Test.MagnitudeUnitVectors
[       OK ] Vec3Test.MagnitudeUnitVectors (0 ms)
[----------] 1 test from Vec3Test (0 ms total)

[----------] Global test environment tear-down
[==========] 1 test from 1 test suite ran. (0 ms total)
[  PASSED  ] 1 test.
<end of output>
Test time =   0.01 sec
----------------------------------------------------------
Test Passed.
"Vec3Test.MagnitudeUnitVectors" end time: Feb 27 01:13 PST
"Vec3Test.MagnitudeUnitVectors" time elapsed: 00:00:00
----------------------------------------------------------

30/370 Testing: Vec3Test.MagnitudePythagorean
30/370 Test: Vec3Test.MagnitudePythagorean
Command: "/Users/vincentning/Desktop/TrajSim/build/trajsim_tests" "--gtest_filter=Vec3Test.MagnitudePythagorean" "--gtest_also_run_disabled_tests"
Directory: /Users/vincentning/Desktop/TrajSim/build
"Vec3Test.MagnitudePythagorean" start time: Feb 27 01:13 PST
Output:
----------------------------------------------------------
Running main() from /Users/vincentning/Desktop/TrajSim/build/_deps/googletest-src/googletest/src/gtest_main.cc
Note: Google Test filter = Vec3Test.MagnitudePythagorean
[==========] Running 1 test from 1 test suite.
[----------] Global test environment set-up.
[----------] 1 test from Vec3Test
[ RUN      ] Vec3Test.MagnitudePythagorean
[       OK ] Vec3Test.MagnitudePythagorean (0 ms)
[----------] 1 test from Vec3Test (0 ms total)

[----------] Global test environment tear-down
[==========] 1 test from 1 test suite ran. (0 ms total)
[  PASSED  ] 1 test.
<end of output>
Test time =   0.01 sec
----------------------------------------------------------
Test Passed.
"Vec3Test.MagnitudePythagorean" end time: Feb 27 01:13 PST
"Vec3Test.MagnitudePythagorean" time elapsed: 00:00:00
----------------------------------------------------------

31/370 Testing: Vec3Test.MagnitudeSquaredAvoidsSqrt
31/370 Test: Vec3Test.MagnitudeSquaredAvoidsSqrt
Command: "/Users/vincentning/Desktop/TrajSim/build/trajsim_tests" "--gtest_filter=Vec3Test.MagnitudeSquaredAvoidsSqrt" "--gtest_also_run_disabled_tests"
Directory: /Users/vincentning/Desktop/TrajSim/build
"Vec3Test.MagnitudeSquaredAvoidsSqrt" start time: Feb 27 01:13 PST
Output:
----------------------------------------------------------
Running main() from /Users/vincentning/Desktop/TrajSim/build/_deps/googletest-src/googletest/src/gtest_main.cc
Note: Google Test filter = Vec3Test.MagnitudeSquaredAvoidsSqrt
[==========] Running 1 test from 1 test suite.
[----------] Global test environment set-up.
[----------] 1 test from Vec3Test
[ RUN      ] Vec3Test.MagnitudeSquaredAvoidsSqrt
[       OK ] Vec3Test.MagnitudeSquaredAvoidsSqrt (0 ms)
[----------] 1 test from Vec3Test (0 ms total)

[----------] Global test environment tear-down
[==========] 1 test from 1 test suite ran. (0 ms total)
[  PASSED  ] 1 test.
<end of output>
Test time =   0.01 sec
----------------------------------------------------------
Test Passed.
"Vec3Test.MagnitudeSquaredAvoidsSqrt" end time: Feb 27 01:13 PST
"Vec3Test.MagnitudeSquaredAvoidsSqrt" time elapsed: 00:00:00
----------------------------------------------------------

32/370 Testing: Vec3Test.NormalizedUnitMagnitude
32/370 Test: Vec3Test.NormalizedUnitMagnitude
Command: "/Users/vincentning/Desktop/TrajSim/build/trajsim_tests" "--gtest_filter=Vec3Test.NormalizedUnitMagnitude" "--gtest_also_run_disabled_tests"
Directory: /Users/vincentning/Desktop/TrajSim/build
"Vec3Test.NormalizedUnitMagnitude" start time: Feb 27 01:13 PST
Output:
----------------------------------------------------------
Running main() from /Users/vincentning/Desktop/TrajSim/build/_deps/googletest-src/googletest/src/gtest_main.cc
Note: Google Test filter = Vec3Test.NormalizedUnitMagnitude
[==========] Running 1 test from 1 test suite.
[----------] Global test environment set-up.
[----------] 1 test from Vec3Test
[ RUN      ] Vec3Test.NormalizedUnitMagnitude
[       OK ] Vec3Test.NormalizedUnitMagnitude (0 ms)
[----------] 1 test from Vec3Test (0 ms total)

[----------] Global test environment tear-down
[==========] 1 test from 1 test suite ran. (0 ms total)
[  PASSED  ] 1 test.
<end of output>
Test time =   0.01 sec
----------------------------------------------------------
Test Passed.
"Vec3Test.NormalizedUnitMagnitude" end time: Feb 27 01:13 PST
"Vec3Test.NormalizedUnitMagnitude" time elapsed: 00:00:00
----------------------------------------------------------

33/370 Testing: Vec3Test.NormalizedPreservesDirection
33/370 Test: Vec3Test.NormalizedPreservesDirection
Command: "/Users/vincentning/Desktop/TrajSim/build/trajsim_tests" "--gtest_filter=Vec3Test.NormalizedPreservesDirection" "--gtest_also_run_disabled_tests"
Directory: /Users/vincentning/Desktop/TrajSim/build
"Vec3Test.NormalizedPreservesDirection" start time: Feb 27 01:13 PST
Output:
----------------------------------------------------------
Running main() from /Users/vincentning/Desktop/TrajSim/build/_deps/googletest-src/googletest/src/gtest_main.cc
Note: Google Test filter = Vec3Test.NormalizedPreservesDirection
[==========] Running 1 test from 1 test suite.
[----------] Global test environment set-up.
[----------] 1 test from Vec3Test
[ RUN      ] Vec3Test.NormalizedPreservesDirection
[       OK ] Vec3Test.NormalizedPreservesDirection (0 ms)
[----------] 1 test from Vec3Test (0 ms total)

[----------] Global test environment tear-down
[==========] 1 test from 1 test suite ran. (0 ms total)
[  PASSED  ] 1 test.
<end of output>
Test time =   0.01 sec
----------------------------------------------------------
Test Passed.
"Vec3Test.NormalizedPreservesDirection" end time: Feb 27 01:13 PST
"Vec3Test.NormalizedPreservesDirection" time elapsed: 00:00:00
----------------------------------------------------------

34/370 Testing: Vec3Test.NormalizedZeroVectorReturnsZero
34/370 Test: Vec3Test.NormalizedZeroVectorReturnsZero
Command: "/Users/vincentning/Desktop/TrajSim/build/trajsim_tests" "--gtest_filter=Vec3Test.NormalizedZeroVectorReturnsZero" "--gtest_also_run_disabled_tests"
Directory: /Users/vincentning/Desktop/TrajSim/build
"Vec3Test.NormalizedZeroVectorReturnsZero" start time: Feb 27 01:13 PST
Output:
----------------------------------------------------------
Running main() from /Users/vincentning/Desktop/TrajSim/build/_deps/googletest-src/googletest/src/gtest_main.cc
Note: Google Test filter = Vec3Test.NormalizedZeroVectorReturnsZero
[==========] Running 1 test from 1 test suite.
[----------] Global test environment set-up.
[----------] 1 test from Vec3Test
[ RUN      ] Vec3Test.NormalizedZeroVectorReturnsZero
[       OK ] Vec3Test.NormalizedZeroVectorReturnsZero (0 ms)
[----------] 1 test from Vec3Test (0 ms total)

[----------] Global test environment tear-down
[==========] 1 test from 1 test suite ran. (0 ms total)
[  PASSED  ] 1 test.
<end of output>
Test time =   0.01 sec
----------------------------------------------------------
Test Passed.
"Vec3Test.NormalizedZeroVectorReturnsZero" end time: Feb 27 01:13 PST
"Vec3Test.NormalizedZeroVectorReturnsZero" time elapsed: 00:00:00
----------------------------------------------------------

35/370 Testing: Vec3Test.NormalizedVerySmallVectorReturnsZero
35/370 Test: Vec3Test.NormalizedVerySmallVectorReturnsZero
Command: "/Users/vincentning/Desktop/TrajSim/build/trajsim_tests" "--gtest_filter=Vec3Test.NormalizedVerySmallVectorReturnsZero" "--gtest_also_run_disabled_tests"
Directory: /Users/vincentning/Desktop/TrajSim/build
"Vec3Test.NormalizedVerySmallVectorReturnsZero" start time: Feb 27 01:13 PST
Output:
----------------------------------------------------------
Running main() from /Users/vincentning/Desktop/TrajSim/build/_deps/googletest-src/googletest/src/gtest_main.cc
Note: Google Test filter = Vec3Test.NormalizedVerySmallVectorReturnsZero
[==========] Running 1 test from 1 test suite.
[----------] Global test environment set-up.
[----------] 1 test from Vec3Test
[ RUN      ] Vec3Test.NormalizedVerySmallVectorReturnsZero
[       OK ] Vec3Test.NormalizedVerySmallVectorReturnsZero (0 ms)
[----------] 1 test from Vec3Test (0 ms total)

[----------] Global test environment tear-down
[==========] 1 test from 1 test suite ran. (0 ms total)
[  PASSED  ] 1 test.
<end of output>
Test time =   0.01 sec
----------------------------------------------------------
Test Passed.
"Vec3Test.NormalizedVerySmallVectorReturnsZero" end time: Feb 27 01:13 PST
"Vec3Test.NormalizedVerySmallVectorReturnsZero" time elapsed: 00:00:00
----------------------------------------------------------

36/370 Testing: Vec3Test.IsZeroTrue
36/370 Test: Vec3Test.IsZeroTrue
Command: "/Users/vincentning/Desktop/TrajSim/build/trajsim_tests" "--gtest_filter=Vec3Test.IsZeroTrue" "--gtest_also_run_disabled_tests"
Directory: /Users/vincentning/Desktop/TrajSim/build
"Vec3Test.IsZeroTrue" start time: Feb 27 01:13 PST
Output:
----------------------------------------------------------
Running main() from /Users/vincentning/Desktop/TrajSim/build/_deps/googletest-src/googletest/src/gtest_main.cc
Note: Google Test filter = Vec3Test.IsZeroTrue
[==========] Running 1 test from 1 test suite.
[----------] Global test environment set-up.
[----------] 1 test from Vec3Test
[ RUN      ] Vec3Test.IsZeroTrue
[       OK ] Vec3Test.IsZeroTrue (0 ms)
[----------] 1 test from Vec3Test (0 ms total)

[----------] Global test environment tear-down
[==========] 1 test from 1 test suite ran. (0 ms total)
[  PASSED  ] 1 test.
<end of output>
Test time =   0.01 sec
----------------------------------------------------------
Test Passed.
"Vec3Test.IsZeroTrue" end time: Feb 27 01:13 PST
"Vec3Test.IsZeroTrue" time elapsed: 00:00:00
----------------------------------------------------------

37/370 Testing: Vec3Test.IsZeroFalse
37/370 Test: Vec3Test.IsZeroFalse
Command: "/Users/vincentning/Desktop/TrajSim/build/trajsim_tests" "--gtest_filter=Vec3Test.IsZeroFalse" "--gtest_also_run_disabled_tests"
Directory: /Users/vincentning/Desktop/TrajSim/build
"Vec3Test.IsZeroFalse" start time: Feb 27 01:13 PST
Output:
----------------------------------------------------------
Running main() from /Users/vincentning/Desktop/TrajSim/build/_deps/googletest-src/googletest/src/gtest_main.cc
Note: Google Test filter = Vec3Test.IsZeroFalse
[==========] Running 1 test from 1 test suite.
[----------] Global test environment set-up.
[----------] 1 test from Vec3Test
[ RUN      ] Vec3Test.IsZeroFalse
[       OK ] Vec3Test.IsZeroFalse (0 ms)
[----------] 1 test from Vec3Test (0 ms total)

[----------] Global test environment tear-down
[==========] 1 test from 1 test suite ran. (0 ms total)
[  PASSED  ] 1 test.
<end of output>
Test time =   0.01 sec
----------------------------------------------------------
Test Passed.
"Vec3Test.IsZeroFalse" end time: Feb 27 01:13 PST
"Vec3Test.IsZeroFalse" time elapsed: 00:00:00
----------------------------------------------------------

38/370 Testing: Vec3Test.IsZeroWithTolerance
38/370 Test: Vec3Test.IsZeroWithTolerance
Command: "/Users/vincentning/Desktop/TrajSim/build/trajsim_tests" "--gtest_filter=Vec3Test.IsZeroWithTolerance" "--gtest_also_run_disabled_tests"
Directory: /Users/vincentning/Desktop/TrajSim/build
"Vec3Test.IsZeroWithTolerance" start time: Feb 27 01:13 PST
Output:
----------------------------------------------------------
Running main() from /Users/vincentning/Desktop/TrajSim/build/_deps/googletest-src/googletest/src/gtest_main.cc
Note: Google Test filter = Vec3Test.IsZeroWithTolerance
[==========] Running 1 test from 1 test suite.
[----------] Global test environment set-up.
[----------] 1 test from Vec3Test
[ RUN      ] Vec3Test.IsZeroWithTolerance
[       OK ] Vec3Test.IsZeroWithTolerance (0 ms)
[----------] 1 test from Vec3Test (0 ms total)

[----------] Global test environment tear-down
[==========] 1 test from 1 test suite ran. (0 ms total)
[  PASSED  ] 1 test.
<end of output>
Test time =   0.01 sec
----------------------------------------------------------
Test Passed.
"Vec3Test.IsZeroWithTolerance" end time: Feb 27 01:13 PST
"Vec3Test.IsZeroWithTolerance" time elapsed: 00:00:00
----------------------------------------------------------

39/370 Testing: Vec3Test.HasNaN
39/370 Test: Vec3Test.HasNaN
Command: "/Users/vincentning/Desktop/TrajSim/build/trajsim_tests" "--gtest_filter=Vec3Test.HasNaN" "--gtest_also_run_disabled_tests"
Directory: /Users/vincentning/Desktop/TrajSim/build
"Vec3Test.HasNaN" start time: Feb 27 01:13 PST
Output:
----------------------------------------------------------
Running main() from /Users/vincentning/Desktop/TrajSim/build/_deps/googletest-src/googletest/src/gtest_main.cc
Note: Google Test filter = Vec3Test.HasNaN
[==========] Running 1 test from 1 test suite.
[----------] Global test environment set-up.
[----------] 1 test from Vec3Test
[ RUN      ] Vec3Test.HasNaN
[       OK ] Vec3Test.HasNaN (0 ms)
[----------] 1 test from Vec3Test (0 ms total)

[----------] Global test environment tear-down
[==========] 1 test from 1 test suite ran. (0 ms total)
[  PASSED  ] 1 test.
<end of output>
Test time =   0.01 sec
----------------------------------------------------------
Test Passed.
"Vec3Test.HasNaN" end time: Feb 27 01:13 PST
"Vec3Test.HasNaN" time elapsed: 00:00:00
----------------------------------------------------------

40/370 Testing: Vec3Test.HasInf
40/370 Test: Vec3Test.HasInf
Command: "/Users/vincentning/Desktop/TrajSim/build/trajsim_tests" "--gtest_filter=Vec3Test.HasInf" "--gtest_also_run_disabled_tests"
Directory: /Users/vincentning/Desktop/TrajSim/build
"Vec3Test.HasInf" start time: Feb 27 01:13 PST
Output:
----------------------------------------------------------
Running main() from /Users/vincentning/Desktop/TrajSim/build/_deps/googletest-src/googletest/src/gtest_main.cc
Note: Google Test filter = Vec3Test.HasInf
[==========] Running 1 test from 1 test suite.
[----------] Global test environment set-up.
[----------] 1 test from Vec3Test
[ RUN      ] Vec3Test.HasInf
[       OK ] Vec3Test.HasInf (0 ms)
[----------] 1 test from Vec3Test (0 ms total)

[----------] Global test environment tear-down
[==========] 1 test from 1 test suite ran. (0 ms total)
[  PASSED  ] 1 test.
<end of output>
Test time =   0.01 sec
----------------------------------------------------------
Test Passed.
"Vec3Test.HasInf" end time: Feb 27 01:13 PST
"Vec3Test.HasInf" time elapsed: 00:00:00
----------------------------------------------------------

41/370 Testing: Vec3Test.IsFinite
41/370 Test: Vec3Test.IsFinite
Command: "/Users/vincentning/Desktop/TrajSim/build/trajsim_tests" "--gtest_filter=Vec3Test.IsFinite" "--gtest_also_run_disabled_tests"
Directory: /Users/vincentning/Desktop/TrajSim/build
"Vec3Test.IsFinite" start time: Feb 27 01:13 PST
Output:
----------------------------------------------------------
Running main() from /Users/vincentning/Desktop/TrajSim/build/_deps/googletest-src/googletest/src/gtest_main.cc
Note: Google Test filter = Vec3Test.IsFinite
[==========] Running 1 test from 1 test suite.
[----------] Global test environment set-up.
[----------] 1 test from Vec3Test
[ RUN      ] Vec3Test.IsFinite
[       OK ] Vec3Test.IsFinite (0 ms)
[----------] 1 test from Vec3Test (0 ms total)

[----------] Global test environment tear-down
[==========] 1 test from 1 test suite ran. (0 ms total)
[  PASSED  ] 1 test.
<end of output>
Test time =   0.01 sec
----------------------------------------------------------
Test Passed.
"Vec3Test.IsFinite" end time: Feb 27 01:13 PST
"Vec3Test.IsFinite" time elapsed: 00:00:00
----------------------------------------------------------

42/370 Testing: Vec3Test.DotProductPerpendicular
42/370 Test: Vec3Test.DotProductPerpendicular
Command: "/Users/vincentning/Desktop/TrajSim/build/trajsim_tests" "--gtest_filter=Vec3Test.DotProductPerpendicular" "--gtest_also_run_disabled_tests"
Directory: /Users/vincentning/Desktop/TrajSim/build
"Vec3Test.DotProductPerpendicular" start time: Feb 27 01:13 PST
Output:
----------------------------------------------------------
Running main() from /Users/vincentning/Desktop/TrajSim/build/_deps/googletest-src/googletest/src/gtest_main.cc
Note: Google Test filter = Vec3Test.DotProductPerpendicular
[==========] Running 1 test from 1 test suite.
[----------] Global test environment set-up.
[----------] 1 test from Vec3Test
[ RUN      ] Vec3Test.DotProductPerpendicular
[       OK ] Vec3Test.DotProductPerpendicular (0 ms)
[----------] 1 test from Vec3Test (0 ms total)

[----------] Global test environment tear-down
[==========] 1 test from 1 test suite ran. (0 ms total)
[  PASSED  ] 1 test.
<end of output>
Test time =   0.01 sec
----------------------------------------------------------
Test Passed.
"Vec3Test.DotProductPerpendicular" end time: Feb 27 01:13 PST
"Vec3Test.DotProductPerpendicular" time elapsed: 00:00:00
----------------------------------------------------------

43/370 Testing: Vec3Test.DotProductParallel
43/370 Test: Vec3Test.DotProductParallel
Command: "/Users/vincentning/Desktop/TrajSim/build/trajsim_tests" "--gtest_filter=Vec3Test.DotProductParallel" "--gtest_also_run_disabled_tests"
Directory: /Users/vincentning/Desktop/TrajSim/build
"Vec3Test.DotProductParallel" start time: Feb 27 01:13 PST
Output:
----------------------------------------------------------
Running main() from /Users/vincentning/Desktop/TrajSim/build/_deps/googletest-src/googletest/src/gtest_main.cc
Note: Google Test filter = Vec3Test.DotProductParallel
[==========] Running 1 test from 1 test suite.
[----------] Global test environment set-up.
[----------] 1 test from Vec3Test
[ RUN      ] Vec3Test.DotProductParallel
[       OK ] Vec3Test.DotProductParallel (0 ms)
[----------] 1 test from Vec3Test (0 ms total)

[----------] Global test environment tear-down
[==========] 1 test from 1 test suite ran. (0 ms total)
[  PASSED  ] 1 test.
<end of output>
Test time =   0.01 sec
----------------------------------------------------------
Test Passed.
"Vec3Test.DotProductParallel" end time: Feb 27 01:13 PST
"Vec3Test.DotProductParallel" time elapsed: 00:00:00
----------------------------------------------------------

44/370 Testing: Vec3Test.DotProductAntiParallel
44/370 Test: Vec3Test.DotProductAntiParallel
Command: "/Users/vincentning/Desktop/TrajSim/build/trajsim_tests" "--gtest_filter=Vec3Test.DotProductAntiParallel" "--gtest_also_run_disabled_tests"
Directory: /Users/vincentning/Desktop/TrajSim/build
"Vec3Test.DotProductAntiParallel" start time: Feb 27 01:13 PST
Output:
----------------------------------------------------------
Running main() from /Users/vincentning/Desktop/TrajSim/build/_deps/googletest-src/googletest/src/gtest_main.cc
Note: Google Test filter = Vec3Test.DotProductAntiParallel
[==========] Running 1 test from 1 test suite.
[----------] Global test environment set-up.
[----------] 1 test from Vec3Test
[ RUN      ] Vec3Test.DotProductAntiParallel
[       OK ] Vec3Test.DotProductAntiParallel (0 ms)
[----------] 1 test from Vec3Test (0 ms total)

[----------] Global test environment tear-down
[==========] 1 test from 1 test suite ran. (0 ms total)
[  PASSED  ] 1 test.
<end of output>
Test time =   0.01 sec
----------------------------------------------------------
Test Passed.
"Vec3Test.DotProductAntiParallel" end time: Feb 27 01:13 PST
"Vec3Test.DotProductAntiParallel" time elapsed: 00:00:00
----------------------------------------------------------

45/370 Testing: Vec3Test.DotProductGeneral
45/370 Test: Vec3Test.DotProductGeneral
Command: "/Users/vincentning/Desktop/TrajSim/build/trajsim_tests" "--gtest_filter=Vec3Test.DotProductGeneral" "--gtest_also_run_disabled_tests"
Directory: /Users/vincentning/Desktop/TrajSim/build
"Vec3Test.DotProductGeneral" start time: Feb 27 01:13 PST
Output:
----------------------------------------------------------
Running main() from /Users/vincentning/Desktop/TrajSim/build/_deps/googletest-src/googletest/src/gtest_main.cc
Note: Google Test filter = Vec3Test.DotProductGeneral
[==========] Running 1 test from 1 test suite.
[----------] Global test environment set-up.
[----------] 1 test from Vec3Test
[ RUN      ] Vec3Test.DotProductGeneral
[       OK ] Vec3Test.DotProductGeneral (0 ms)
[----------] 1 test from Vec3Test (0 ms total)

[----------] Global test environment tear-down
[==========] 1 test from 1 test suite ran. (0 ms total)
[  PASSED  ] 1 test.
<end of output>
Test time =   0.01 sec
----------------------------------------------------------
Test Passed.
"Vec3Test.DotProductGeneral" end time: Feb 27 01:13 PST
"Vec3Test.DotProductGeneral" time elapsed: 00:00:00
----------------------------------------------------------

46/370 Testing: Vec3Test.DotProductCommutative
46/370 Test: Vec3Test.DotProductCommutative
Command: "/Users/vincentning/Desktop/TrajSim/build/trajsim_tests" "--gtest_filter=Vec3Test.DotProductCommutative" "--gtest_also_run_disabled_tests"
Directory: /Users/vincentning/Desktop/TrajSim/build
"Vec3Test.DotProductCommutative" start time: Feb 27 01:13 PST
Output:
----------------------------------------------------------
Running main() from /Users/vincentning/Desktop/TrajSim/build/_deps/googletest-src/googletest/src/gtest_main.cc
Note: Google Test filter = Vec3Test.DotProductCommutative
[==========] Running 1 test from 1 test suite.
[----------] Global test environment set-up.
[----------] 1 test from Vec3Test
[ RUN      ] Vec3Test.DotProductCommutative
[       OK ] Vec3Test.DotProductCommutative (0 ms)
[----------] 1 test from Vec3Test (0 ms total)

[----------] Global test environment tear-down
[==========] 1 test from 1 test suite ran. (0 ms total)
[  PASSED  ] 1 test.
<end of output>
Test time =   0.01 sec
----------------------------------------------------------
Test Passed.
"Vec3Test.DotProductCommutative" end time: Feb 27 01:13 PST
"Vec3Test.DotProductCommutative" time elapsed: 00:00:00
----------------------------------------------------------

47/370 Testing: Vec3Test.DotProductWithSelfIsMagSquared
47/370 Test: Vec3Test.DotProductWithSelfIsMagSquared
Command: "/Users/vincentning/Desktop/TrajSim/build/trajsim_tests" "--gtest_filter=Vec3Test.DotProductWithSelfIsMagSquared" "--gtest_also_run_disabled_tests"
Directory: /Users/vincentning/Desktop/TrajSim/build
"Vec3Test.DotProductWithSelfIsMagSquared" start time: Feb 27 01:13 PST
Output:
----------------------------------------------------------
Running main() from /Users/vincentning/Desktop/TrajSim/build/_deps/googletest-src/googletest/src/gtest_main.cc
Note: Google Test filter = Vec3Test.DotProductWithSelfIsMagSquared
[==========] Running 1 test from 1 test suite.
[----------] Global test environment set-up.
[----------] 1 test from Vec3Test
[ RUN      ] Vec3Test.DotProductWithSelfIsMagSquared
[       OK ] Vec3Test.DotProductWithSelfIsMagSquared (0 ms)
[----------] 1 test from Vec3Test (0 ms total)

[----------] Global test environment tear-down
[==========] 1 test from 1 test suite ran. (0 ms total)
[  PASSED  ] 1 test.
<end of output>
Test time =   0.01 sec
----------------------------------------------------------
Test Passed.
"Vec3Test.DotProductWithSelfIsMagSquared" end time: Feb 27 01:13 PST
"Vec3Test.DotProductWithSelfIsMagSquared" time elapsed: 00:00:00
----------------------------------------------------------

48/370 Testing: Vec3Test.CrossProductXY
48/370 Test: Vec3Test.CrossProductXY
Command: "/Users/vincentning/Desktop/TrajSim/build/trajsim_tests" "--gtest_filter=Vec3Test.CrossProductXY" "--gtest_also_run_disabled_tests"
Directory: /Users/vincentning/Desktop/TrajSim/build
"Vec3Test.CrossProductXY" start time: Feb 27 01:13 PST
Output:
----------------------------------------------------------
Running main() from /Users/vincentning/Desktop/TrajSim/build/_deps/googletest-src/googletest/src/gtest_main.cc
Note: Google Test filter = Vec3Test.CrossProductXY
[==========] Running 1 test from 1 test suite.
[----------] Global test environment set-up.
[----------] 1 test from Vec3Test
[ RUN      ] Vec3Test.CrossProductXY
[       OK ] Vec3Test.CrossProductXY (0 ms)
[----------] 1 test from Vec3Test (0 ms total)

[----------] Global test environment tear-down
[==========] 1 test from 1 test suite ran. (0 ms total)
[  PASSED  ] 1 test.
<end of output>
Test time =   0.01 sec
----------------------------------------------------------
Test Passed.
"Vec3Test.CrossProductXY" end time: Feb 27 01:13 PST
"Vec3Test.CrossProductXY" time elapsed: 00:00:00
----------------------------------------------------------

49/370 Testing: Vec3Test.CrossProductYZ
49/370 Test: Vec3Test.CrossProductYZ
Command: "/Users/vincentning/Desktop/TrajSim/build/trajsim_tests" "--gtest_filter=Vec3Test.CrossProductYZ" "--gtest_also_run_disabled_tests"
Directory: /Users/vincentning/Desktop/TrajSim/build
"Vec3Test.CrossProductYZ" start time: Feb 27 01:13 PST
Output:
----------------------------------------------------------
Running main() from /Users/vincentning/Desktop/TrajSim/build/_deps/googletest-src/googletest/src/gtest_main.cc
Note: Google Test filter = Vec3Test.CrossProductYZ
[==========] Running 1 test from 1 test suite.
[----------] Global test environment set-up.
[----------] 1 test from Vec3Test
[ RUN      ] Vec3Test.CrossProductYZ
[       OK ] Vec3Test.CrossProductYZ (0 ms)
[----------] 1 test from Vec3Test (0 ms total)

[----------] Global test environment tear-down
[==========] 1 test from 1 test suite ran. (0 ms total)
[  PASSED  ] 1 test.
<end of output>
Test time =   0.01 sec
----------------------------------------------------------
Test Passed.
"Vec3Test.CrossProductYZ" end time: Feb 27 01:13 PST
"Vec3Test.CrossProductYZ" time elapsed: 00:00:00
----------------------------------------------------------

50/370 Testing: Vec3Test.CrossProductZX
50/370 Test: Vec3Test.CrossProductZX
Command: "/Users/vincentning/Desktop/TrajSim/build/trajsim_tests" "--gtest_filter=Vec3Test.CrossProductZX" "--gtest_also_run_disabled_tests"
Directory: /Users/vincentning/Desktop/TrajSim/build
"Vec3Test.CrossProductZX" start time: Feb 27 01:13 PST
Output:
----------------------------------------------------------
Running main() from /Users/vincentning/Desktop/TrajSim/build/_deps/googletest-src/googletest/src/gtest_main.cc
Note: Google Test filter = Vec3Test.CrossProductZX
[==========] Running 1 test from 1 test suite.
[----------] Global test environment set-up.
[----------] 1 test from Vec3Test
[ RUN      ] Vec3Test.CrossProductZX
[       OK ] Vec3Test.CrossProductZX (0 ms)
[----------] 1 test from Vec3Test (0 ms total)

[----------] Global test environment tear-down
[==========] 1 test from 1 test suite ran. (0 ms total)
[  PASSED  ] 1 test.
<end of output>
Test time =   0.01 sec
----------------------------------------------------------
Test Passed.
"Vec3Test.CrossProductZX" end time: Feb 27 01:13 PST
"Vec3Test.CrossProductZX" time elapsed: 00:00:00
----------------------------------------------------------

51/370 Testing: Vec3Test.CrossProductAntiCommutative
51/370 Test: Vec3Test.CrossProductAntiCommutative
Command: "/Users/vincentning/Desktop/TrajSim/build/trajsim_tests" "--gtest_filter=Vec3Test.CrossProductAntiCommutative" "--gtest_also_run_disabled_tests"
Directory: /Users/vincentning/Desktop/TrajSim/build
"Vec3Test.CrossProductAntiCommutative" start time: Feb 27 01:13 PST
Output:
----------------------------------------------------------
Running main() from /Users/vincentning/Desktop/TrajSim/build/_deps/googletest-src/googletest/src/gtest_main.cc
Note: Google Test filter = Vec3Test.CrossProductAntiCommutative
[==========] Running 1 test from 1 test suite.
[----------] Global test environment set-up.
[----------] 1 test from Vec3Test
[ RUN      ] Vec3Test.CrossProductAntiCommutative
[       OK ] Vec3Test.CrossProductAntiCommutative (0 ms)
[----------] 1 test from Vec3Test (0 ms total)

[----------] Global test environment tear-down
[==========] 1 test from 1 test suite ran. (0 ms total)
[  PASSED  ] 1 test.
<end of output>
Test time =   0.01 sec
----------------------------------------------------------
Test Passed.
"Vec3Test.CrossProductAntiCommutative" end time: Feb 27 01:13 PST
"Vec3Test.CrossProductAntiCommutative" time elapsed: 00:00:00
----------------------------------------------------------

52/370 Testing: Vec3Test.CrossProductWithSelfIsZero
52/370 Test: Vec3Test.CrossProductWithSelfIsZero
Command: "/Users/vincentning/Desktop/TrajSim/build/trajsim_tests" "--gtest_filter=Vec3Test.CrossProductWithSelfIsZero" "--gtest_also_run_disabled_tests"
Directory: /Users/vincentning/Desktop/TrajSim/build
"Vec3Test.CrossProductWithSelfIsZero" start time: Feb 27 01:13 PST
Output:
----------------------------------------------------------
Running main() from /Users/vincentning/Desktop/TrajSim/build/_deps/googletest-src/googletest/src/gtest_main.cc
Note: Google Test filter = Vec3Test.CrossProductWithSelfIsZero
[==========] Running 1 test from 1 test suite.
[----------] Global test environment set-up.
[----------] 1 test from Vec3Test
[ RUN      ] Vec3Test.CrossProductWithSelfIsZero
[       OK ] Vec3Test.CrossProductWithSelfIsZero (0 ms)
[----------] 1 test from Vec3Test (0 ms total)

[----------] Global test environment tear-down
[==========] 1 test from 1 test suite ran. (0 ms total)
[  PASSED  ] 1 test.
<end of output>
Test time =   0.01 sec
----------------------------------------------------------
Test Passed.
"Vec3Test.CrossProductWithSelfIsZero" end time: Feb 27 01:13 PST
"Vec3Test.CrossProductWithSelfIsZero" time elapsed: 00:00:00
----------------------------------------------------------

53/370 Testing: Vec3Test.CrossProductPerpendicularToInputs
53/370 Test: Vec3Test.CrossProductPerpendicularToInputs
Command: "/Users/vincentning/Desktop/TrajSim/build/trajsim_tests" "--gtest_filter=Vec3Test.CrossProductPerpendicularToInputs" "--gtest_also_run_disabled_tests"
Directory: /Users/vincentning/Desktop/TrajSim/build
"Vec3Test.CrossProductPerpendicularToInputs" start time: Feb 27 01:13 PST
Output:
----------------------------------------------------------
Running main() from /Users/vincentning/Desktop/TrajSim/build/_deps/googletest-src/googletest/src/gtest_main.cc
Note: Google Test filter = Vec3Test.CrossProductPerpendicularToInputs
[==========] Running 1 test from 1 test suite.
[----------] Global test environment set-up.
[----------] 1 test from Vec3Test
[ RUN      ] Vec3Test.CrossProductPerpendicularToInputs
[       OK ] Vec3Test.CrossProductPerpendicularToInputs (0 ms)
[----------] 1 test from Vec3Test (0 ms total)

[----------] Global test environment tear-down
[==========] 1 test from 1 test suite ran. (0 ms total)
[  PASSED  ] 1 test.
<end of output>
Test time =   0.01 sec
----------------------------------------------------------
Test Passed.
"Vec3Test.CrossProductPerpendicularToInputs" end time: Feb 27 01:13 PST
"Vec3Test.CrossProductPerpendicularToInputs" time elapsed: 00:00:00
----------------------------------------------------------

54/370 Testing: Vec3Test.AngleBetweenParallel
54/370 Test: Vec3Test.AngleBetweenParallel
Command: "/Users/vincentning/Desktop/TrajSim/build/trajsim_tests" "--gtest_filter=Vec3Test.AngleBetweenParallel" "--gtest_also_run_disabled_tests"
Directory: /Users/vincentning/Desktop/TrajSim/build
"Vec3Test.AngleBetweenParallel" start time: Feb 27 01:13 PST
Output:
----------------------------------------------------------
Running main() from /Users/vincentning/Desktop/TrajSim/build/_deps/googletest-src/googletest/src/gtest_main.cc
Note: Google Test filter = Vec3Test.AngleBetweenParallel
[==========] Running 1 test from 1 test suite.
[----------] Global test environment set-up.
[----------] 1 test from Vec3Test
[ RUN      ] Vec3Test.AngleBetweenParallel
[       OK ] Vec3Test.AngleBetweenParallel (0 ms)
[----------] 1 test from Vec3Test (0 ms total)

[----------] Global test environment tear-down
[==========] 1 test from 1 test suite ran. (0 ms total)
[  PASSED  ] 1 test.
<end of output>
Test time =   0.01 sec
----------------------------------------------------------
Test Passed.
"Vec3Test.AngleBetweenParallel" end time: Feb 27 01:13 PST
"Vec3Test.AngleBetweenParallel" time elapsed: 00:00:00
----------------------------------------------------------

55/370 Testing: Vec3Test.AngleBetweenPerpendicular
55/370 Test: Vec3Test.AngleBetweenPerpendicular
Command: "/Users/vincentning/Desktop/TrajSim/build/trajsim_tests" "--gtest_filter=Vec3Test.AngleBetweenPerpendicular" "--gtest_also_run_disabled_tests"
Directory: /Users/vincentning/Desktop/TrajSim/build
"Vec3Test.AngleBetweenPerpendicular" start time: Feb 27 01:13 PST
Output:
----------------------------------------------------------
Running main() from /Users/vincentning/Desktop/TrajSim/build/_deps/googletest-src/googletest/src/gtest_main.cc
Note: Google Test filter = Vec3Test.AngleBetweenPerpendicular
[==========] Running 1 test from 1 test suite.
[----------] Global test environment set-up.
[----------] 1 test from Vec3Test
[ RUN      ] Vec3Test.AngleBetweenPerpendicular
[       OK ] Vec3Test.AngleBetweenPerpendicular (0 ms)
[----------] 1 test from Vec3Test (0 ms total)

[----------] Global test environment tear-down
[==========] 1 test from 1 test suite ran. (0 ms total)
[  PASSED  ] 1 test.
<end of output>
Test time =   0.01 sec
----------------------------------------------------------
Test Passed.
"Vec3Test.AngleBetweenPerpendicular" end time: Feb 27 01:13 PST
"Vec3Test.AngleBetweenPerpendicular" time elapsed: 00:00:00
----------------------------------------------------------

56/370 Testing: Vec3Test.AngleBetweenAntiParallel
56/370 Test: Vec3Test.AngleBetweenAntiParallel
Command: "/Users/vincentning/Desktop/TrajSim/build/trajsim_tests" "--gtest_filter=Vec3Test.AngleBetweenAntiParallel" "--gtest_also_run_disabled_tests"
Directory: /Users/vincentning/Desktop/TrajSim/build
"Vec3Test.AngleBetweenAntiParallel" start time: Feb 27 01:13 PST
Output:
----------------------------------------------------------
Running main() from /Users/vincentning/Desktop/TrajSim/build/_deps/googletest-src/googletest/src/gtest_main.cc
Note: Google Test filter = Vec3Test.AngleBetweenAntiParallel
[==========] Running 1 test from 1 test suite.
[----------] Global test environment set-up.
[----------] 1 test from Vec3Test
[ RUN      ] Vec3Test.AngleBetweenAntiParallel
[       OK ] Vec3Test.AngleBetweenAntiParallel (0 ms)
[----------] 1 test from Vec3Test (0 ms total)

[----------] Global test environment tear-down
[==========] 1 test from 1 test suite ran. (0 ms total)
[  PASSED  ] 1 test.
<end of output>
Test time =   0.01 sec
----------------------------------------------------------
Test Passed.
"Vec3Test.AngleBetweenAntiParallel" end time: Feb 27 01:13 PST
"Vec3Test.AngleBetweenAntiParallel" time elapsed: 00:00:00
----------------------------------------------------------

57/370 Testing: Vec3Test.AngleBetween45Degrees
57/370 Test: Vec3Test.AngleBetween45Degrees
Command: "/Users/vincentning/Desktop/TrajSim/build/trajsim_tests" "--gtest_filter=Vec3Test.AngleBetween45Degrees" "--gtest_also_run_disabled_tests"
Directory: /Users/vincentning/Desktop/TrajSim/build
"Vec3Test.AngleBetween45Degrees" start time: Feb 27 01:13 PST
Output:
----------------------------------------------------------
Running main() from /Users/vincentning/Desktop/TrajSim/build/_deps/googletest-src/googletest/src/gtest_main.cc
Note: Google Test filter = Vec3Test.AngleBetween45Degrees
[==========] Running 1 test from 1 test suite.
[----------] Global test environment set-up.
[----------] 1 test from Vec3Test
[ RUN      ] Vec3Test.AngleBetween45Degrees
[       OK ] Vec3Test.AngleBetween45Degrees (0 ms)
[----------] 1 test from Vec3Test (0 ms total)

[----------] Global test environment tear-down
[==========] 1 test from 1 test suite ran. (0 ms total)
[  PASSED  ] 1 test.
<end of output>
Test time =   0.01 sec
----------------------------------------------------------
Test Passed.
"Vec3Test.AngleBetween45Degrees" end time: Feb 27 01:13 PST
"Vec3Test.AngleBetween45Degrees" time elapsed: 00:00:00
----------------------------------------------------------

58/370 Testing: Vec3Test.ProjectOntoParallel
58/370 Test: Vec3Test.ProjectOntoParallel
Command: "/Users/vincentning/Desktop/TrajSim/build/trajsim_tests" "--gtest_filter=Vec3Test.ProjectOntoParallel" "--gtest_also_run_disabled_tests"
Directory: /Users/vincentning/Desktop/TrajSim/build
"Vec3Test.ProjectOntoParallel" start time: Feb 27 01:13 PST
Output:
----------------------------------------------------------
Running main() from /Users/vincentning/Desktop/TrajSim/build/_deps/googletest-src/googletest/src/gtest_main.cc
Note: Google Test filter = Vec3Test.ProjectOntoParallel
[==========] Running 1 test from 1 test suite.
[----------] Global test environment set-up.
[----------] 1 test from Vec3Test
[ RUN      ] Vec3Test.ProjectOntoParallel
[       OK ] Vec3Test.ProjectOntoParallel (0 ms)
[----------] 1 test from Vec3Test (0 ms total)

[----------] Global test environment tear-down
[==========] 1 test from 1 test suite ran. (0 ms total)
[  PASSED  ] 1 test.
<end of output>
Test time =   0.01 sec
----------------------------------------------------------
Test Passed.
"Vec3Test.ProjectOntoParallel" end time: Feb 27 01:13 PST
"Vec3Test.ProjectOntoParallel" time elapsed: 00:00:00
----------------------------------------------------------

59/370 Testing: Vec3Test.ProjectOntoPerpendicular
59/370 Test: Vec3Test.ProjectOntoPerpendicular
Command: "/Users/vincentning/Desktop/TrajSim/build/trajsim_tests" "--gtest_filter=Vec3Test.ProjectOntoPerpendicular" "--gtest_also_run_disabled_tests"
Directory: /Users/vincentning/Desktop/TrajSim/build
"Vec3Test.ProjectOntoPerpendicular" start time: Feb 27 01:13 PST
Output:
----------------------------------------------------------
Running main() from /Users/vincentning/Desktop/TrajSim/build/_deps/googletest-src/googletest/src/gtest_main.cc
Note: Google Test filter = Vec3Test.ProjectOntoPerpendicular
[==========] Running 1 test from 1 test suite.
[----------] Global test environment set-up.
[----------] 1 test from Vec3Test
[ RUN      ] Vec3Test.ProjectOntoPerpendicular
[       OK ] Vec3Test.ProjectOntoPerpendicular (0 ms)
[----------] 1 test from Vec3Test (0 ms total)

[----------] Global test environment tear-down
[==========] 1 test from 1 test suite ran. (0 ms total)
[  PASSED  ] 1 test.
<end of output>
Test time =   0.01 sec
----------------------------------------------------------
Test Passed.
"Vec3Test.ProjectOntoPerpendicular" end time: Feb 27 01:13 PST
"Vec3Test.ProjectOntoPerpendicular" time elapsed: 00:00:00
----------------------------------------------------------

60/370 Testing: Vec3Test.ProjectGeneral
60/370 Test: Vec3Test.ProjectGeneral
Command: "/Users/vincentning/Desktop/TrajSim/build/trajsim_tests" "--gtest_filter=Vec3Test.ProjectGeneral" "--gtest_also_run_disabled_tests"
Directory: /Users/vincentning/Desktop/TrajSim/build
"Vec3Test.ProjectGeneral" start time: Feb 27 01:13 PST
Output:
----------------------------------------------------------
Running main() from /Users/vincentning/Desktop/TrajSim/build/_deps/googletest-src/googletest/src/gtest_main.cc
Note: Google Test filter = Vec3Test.ProjectGeneral
[==========] Running 1 test from 1 test suite.
[----------] Global test environment set-up.
[----------] 1 test from Vec3Test
[ RUN      ] Vec3Test.ProjectGeneral
[       OK ] Vec3Test.ProjectGeneral (0 ms)
[----------] 1 test from Vec3Test (0 ms total)

[----------] Global test environment tear-down
[==========] 1 test from 1 test suite ran. (0 ms total)
[  PASSED  ] 1 test.
<end of output>
Test time =   0.01 sec
----------------------------------------------------------
Test Passed.
"Vec3Test.ProjectGeneral" end time: Feb 27 01:13 PST
"Vec3Test.ProjectGeneral" time elapsed: 00:00:00
----------------------------------------------------------

61/370 Testing: Vec3Test.RejectFromPerpendicular
61/370 Test: Vec3Test.RejectFromPerpendicular
Command: "/Users/vincentning/Desktop/TrajSim/build/trajsim_tests" "--gtest_filter=Vec3Test.RejectFromPerpendicular" "--gtest_also_run_disabled_tests"
Directory: /Users/vincentning/Desktop/TrajSim/build
"Vec3Test.RejectFromPerpendicular" start time: Feb 27 01:13 PST
Output:
----------------------------------------------------------
Running main() from /Users/vincentning/Desktop/TrajSim/build/_deps/googletest-src/googletest/src/gtest_main.cc
Note: Google Test filter = Vec3Test.RejectFromPerpendicular
[==========] Running 1 test from 1 test suite.
[----------] Global test environment set-up.
[----------] 1 test from Vec3Test
[ RUN      ] Vec3Test.RejectFromPerpendicular
[       OK ] Vec3Test.RejectFromPerpendicular (0 ms)
[----------] 1 test from Vec3Test (0 ms total)

[----------] Global test environment tear-down
[==========] 1 test from 1 test suite ran. (0 ms total)
[  PASSED  ] 1 test.
<end of output>
Test time =   0.01 sec
----------------------------------------------------------
Test Passed.
"Vec3Test.RejectFromPerpendicular" end time: Feb 27 01:13 PST
"Vec3Test.RejectFromPerpendicular" time elapsed: 00:00:00
----------------------------------------------------------

62/370 Testing: Vec3Test.ProjectPlusRejectEqualsOriginal
62/370 Test: Vec3Test.ProjectPlusRejectEqualsOriginal
Command: "/Users/vincentning/Desktop/TrajSim/build/trajsim_tests" "--gtest_filter=Vec3Test.ProjectPlusRejectEqualsOriginal" "--gtest_also_run_disabled_tests"
Directory: /Users/vincentning/Desktop/TrajSim/build
"Vec3Test.ProjectPlusRejectEqualsOriginal" start time: Feb 27 01:13 PST
Output:
----------------------------------------------------------
Running main() from /Users/vincentning/Desktop/TrajSim/build/_deps/googletest-src/googletest/src/gtest_main.cc
Note: Google Test filter = Vec3Test.ProjectPlusRejectEqualsOriginal
[==========] Running 1 test from 1 test suite.
[----------] Global test environment set-up.
[----------] 1 test from Vec3Test
[ RUN      ] Vec3Test.ProjectPlusRejectEqualsOriginal
[       OK ] Vec3Test.ProjectPlusRejectEqualsOriginal (0 ms)
[----------] 1 test from Vec3Test (0 ms total)

[----------] Global test environment tear-down
[==========] 1 test from 1 test suite ran. (0 ms total)
[  PASSED  ] 1 test.
<end of output>
Test time =   0.01 sec
----------------------------------------------------------
Test Passed.
"Vec3Test.ProjectPlusRejectEqualsOriginal" end time: Feb 27 01:13 PST
"Vec3Test.ProjectPlusRejectEqualsOriginal" time elapsed: 00:00:00
----------------------------------------------------------

63/370 Testing: Vec3Test.LerpAtZero
63/370 Test: Vec3Test.LerpAtZero
Command: "/Users/vincentning/Desktop/TrajSim/build/trajsim_tests" "--gtest_filter=Vec3Test.LerpAtZero" "--gtest_also_run_disabled_tests"
Directory: /Users/vincentning/Desktop/TrajSim/build
"Vec3Test.LerpAtZero" start time: Feb 27 01:13 PST
Output:
----------------------------------------------------------
Running main() from /Users/vincentning/Desktop/TrajSim/build/_deps/googletest-src/googletest/src/gtest_main.cc
Note: Google Test filter = Vec3Test.LerpAtZero
[==========] Running 1 test from 1 test suite.
[----------] Global test environment set-up.
[----------] 1 test from Vec3Test
[ RUN      ] Vec3Test.LerpAtZero
[       OK ] Vec3Test.LerpAtZero (0 ms)
[----------] 1 test from Vec3Test (0 ms total)

[----------] Global test environment tear-down
[==========] 1 test from 1 test suite ran. (0 ms total)
[  PASSED  ] 1 test.
<end of output>
Test time =   0.01 sec
----------------------------------------------------------
Test Passed.
"Vec3Test.LerpAtZero" end time: Feb 27 01:13 PST
"Vec3Test.LerpAtZero" time elapsed: 00:00:00
----------------------------------------------------------

64/370 Testing: Vec3Test.LerpAtOne
64/370 Test: Vec3Test.LerpAtOne
Command: "/Users/vincentning/Desktop/TrajSim/build/trajsim_tests" "--gtest_filter=Vec3Test.LerpAtOne" "--gtest_also_run_disabled_tests"
Directory: /Users/vincentning/Desktop/TrajSim/build
"Vec3Test.LerpAtOne" start time: Feb 27 01:13 PST
Output:
----------------------------------------------------------
Running main() from /Users/vincentning/Desktop/TrajSim/build/_deps/googletest-src/googletest/src/gtest_main.cc
Note: Google Test filter = Vec3Test.LerpAtOne
[==========] Running 1 test from 1 test suite.
[----------] Global test environment set-up.
[----------] 1 test from Vec3Test
[ RUN      ] Vec3Test.LerpAtOne
[       OK ] Vec3Test.LerpAtOne (0 ms)
[----------] 1 test from Vec3Test (0 ms total)

[----------] Global test environment tear-down
[==========] 1 test from 1 test suite ran. (0 ms total)
[  PASSED  ] 1 test.
<end of output>
Test time =   0.01 sec
----------------------------------------------------------
Test Passed.
"Vec3Test.LerpAtOne" end time: Feb 27 01:13 PST
"Vec3Test.LerpAtOne" time elapsed: 00:00:00
----------------------------------------------------------

65/370 Testing: Vec3Test.LerpAtHalf
65/370 Test: Vec3Test.LerpAtHalf
Command: "/Users/vincentning/Desktop/TrajSim/build/trajsim_tests" "--gtest_filter=Vec3Test.LerpAtHalf" "--gtest_also_run_disabled_tests"
Directory: /Users/vincentning/Desktop/TrajSim/build
[...]
Directory: /Users/vincentning/Desktop/TrajSim/build
"DynamicsTest.AeroAnglesBetaWithinPhysicalRange" start time: Feb 27 01:13 PST
Output:
----------------------------------------------------------
Running main() from /Users/vincentning/Desktop/TrajSim/build/_deps/googletest-src/googletest/src/gtest_main.cc
Note: Google Test filter = DynamicsTest.AeroAnglesBetaWithinPhysicalRange
[==========] Running 1 test from 1 test suite.
[----------] Global test environment set-up.
[----------] 1 test from DynamicsTest
[ RUN      ] DynamicsTest.AeroAnglesBetaWithinPhysicalRange
[       OK ] DynamicsTest.AeroAnglesBetaWithinPhysicalRange (0 ms)
[----------] 1 test from DynamicsTest (0 ms total)

[----------] Global test environment tear-down
[==========] 1 test from 1 test suite ran. (0 ms total)
[  PASSED  ] 1 test.
<end of output>
Test time =   0.01 sec
----------------------------------------------------------
Test Passed.
"DynamicsTest.AeroAnglesBetaWithinPhysicalRange" end time: Feb 27 01:13 PST
"DynamicsTest.AeroAnglesBetaWithinPhysicalRange" time elapsed: 00:00:00
----------------------------------------------------------

358/370 Testing: DynamicsTest.AeroAnglesSteeringChangesResult
358/370 Test: DynamicsTest.AeroAnglesSteeringChangesResult
Command: "/Users/vincentning/Desktop/TrajSim/build/trajsim_tests" "--gtest_filter=DynamicsTest.AeroAnglesSteeringChangesResult" "--gtest_also_run_disabled_tests"
Directory: /Users/vincentning/Desktop/TrajSim/build
"DynamicsTest.AeroAnglesSteeringChangesResult" start time: Feb 27 01:13 PST
Output:
----------------------------------------------------------
Running main() from /Users/vincentning/Desktop/TrajSim/build/_deps/googletest-src/googletest/src/gtest_main.cc
Note: Google Test filter = DynamicsTest.AeroAnglesSteeringChangesResult
[==========] Running 1 test from 1 test suite.
[----------] Global test environment set-up.
[----------] 1 test from DynamicsTest
[ RUN      ] DynamicsTest.AeroAnglesSteeringChangesResult
[       OK ] DynamicsTest.AeroAnglesSteeringChangesResult (0 ms)
[----------] 1 test from DynamicsTest (0 ms total)

[----------] Global test environment tear-down
[==========] 1 test from 1 test suite ran. (0 ms total)
[  PASSED  ] 1 test.
<end of output>
Test time =   0.01 sec
----------------------------------------------------------
Test Passed.
"DynamicsTest.AeroAnglesSteeringChangesResult" end time: Feb 27 01:13 PST
"DynamicsTest.AeroAnglesSteeringChangesResult" time elapsed: 00:00:00
----------------------------------------------------------

359/370 Testing: DynamicsTest.AeroAnglesYawSteeringAffectsBeta
359/370 Test: DynamicsTest.AeroAnglesYawSteeringAffectsBeta
Command: "/Users/vincentning/Desktop/TrajSim/build/trajsim_tests" "--gtest_filter=DynamicsTest.AeroAnglesYawSteeringAffectsBeta" "--gtest_also_run_disabled_tests"
Directory: /Users/vincentning/Desktop/TrajSim/build
"DynamicsTest.AeroAnglesYawSteeringAffectsBeta" start time: Feb 27 01:13 PST
Output:
----------------------------------------------------------
Running main() from /Users/vincentning/Desktop/TrajSim/build/_deps/googletest-src/googletest/src/gtest_main.cc
Note: Google Test filter = DynamicsTest.AeroAnglesYawSteeringAffectsBeta
[==========] Running 1 test from 1 test suite.
[----------] Global test environment set-up.
[----------] 1 test from DynamicsTest
[ RUN      ] DynamicsTest.AeroAnglesYawSteeringAffectsBeta
[       OK ] DynamicsTest.AeroAnglesYawSteeringAffectsBeta (0 ms)
[----------] 1 test from DynamicsTest (0 ms total)

[----------] Global test environment tear-down
[==========] 1 test from 1 test suite ran. (0 ms total)
[  PASSED  ] 1 test.
<end of output>
Test time =   0.01 sec
----------------------------------------------------------
Test Passed.
"DynamicsTest.AeroAnglesYawSteeringAffectsBeta" end time: Feb 27 01:13 PST
"DynamicsTest.AeroAnglesYawSteeringAffectsBeta" time elapsed: 00:00:00
----------------------------------------------------------

360/370 Testing: DynamicsTest.AeroAnglesIncludeEarthRotationCorrection
360/370 Test: DynamicsTest.AeroAnglesIncludeEarthRotationCorrection
Command: "/Users/vincentning/Desktop/TrajSim/build/trajsim_tests" "--gtest_filter=DynamicsTest.AeroAnglesIncludeEarthRotationCorrection" "--gtest_also_run_disabled_tests"
Directory: /Users/vincentning/Desktop/TrajSim/build
"DynamicsTest.AeroAnglesIncludeEarthRotationCorrection" start time: Feb 27 01:13 PST
Output:
----------------------------------------------------------
Running main() from /Users/vincentning/Desktop/TrajSim/build/_deps/googletest-src/googletest/src/gtest_main.cc
Note: Google Test filter = DynamicsTest.AeroAnglesIncludeEarthRotationCorrection
[==========] Running 1 test from 1 test suite.
[----------] Global test environment set-up.
[----------] 1 test from DynamicsTest
[ RUN      ] DynamicsTest.AeroAnglesIncludeEarthRotationCorrection
[       OK ] DynamicsTest.AeroAnglesIncludeEarthRotationCorrection (0 ms)
[----------] 1 test from DynamicsTest (0 ms total)

[----------] Global test environment tear-down
[==========] 1 test from 1 test suite ran. (0 ms total)
[  PASSED  ] 1 test.
<end of output>
Test time =   0.01 sec
----------------------------------------------------------
Test Passed.
"DynamicsTest.AeroAnglesIncludeEarthRotationCorrection" end time: Feb 27 01:13 PST
"DynamicsTest.AeroAnglesIncludeEarthRotationCorrection" time elapsed: 00:00:00
----------------------------------------------------------

361/370 Testing: DynamicsTest.AeroAnglesFiniteForVariousStates
361/370 Test: DynamicsTest.AeroAnglesFiniteForVariousStates
Command: "/Users/vincentning/Desktop/TrajSim/build/trajsim_tests" "--gtest_filter=DynamicsTest.AeroAnglesFiniteForVariousStates" "--gtest_also_run_disabled_tests"
Directory: /Users/vincentning/Desktop/TrajSim/build
"DynamicsTest.AeroAnglesFiniteForVariousStates" start time: Feb 27 01:13 PST
Output:
----------------------------------------------------------
Running main() from /Users/vincentning/Desktop/TrajSim/build/_deps/googletest-src/googletest/src/gtest_main.cc
Note: Google Test filter = DynamicsTest.AeroAnglesFiniteForVariousStates
[==========] Running 1 test from 1 test suite.
[----------] Global test environment set-up.
[----------] 1 test from DynamicsTest
[ RUN      ] DynamicsTest.AeroAnglesFiniteForVariousStates
[       OK ] DynamicsTest.AeroAnglesFiniteForVariousStates (0 ms)
[----------] 1 test from DynamicsTest (0 ms total)

[----------] Global test environment tear-down
[==========] 1 test from 1 test suite ran. (0 ms total)
[  PASSED  ] 1 test.
<end of output>
Test time =   0.01 sec
----------------------------------------------------------
Test Passed.
"DynamicsTest.AeroAnglesFiniteForVariousStates" end time: Feb 27 01:13 PST
"DynamicsTest.AeroAnglesFiniteForVariousStates" time elapsed: 00:00:00
----------------------------------------------------------

362/370 Testing: DynamicsTest.ThrustAlongBodyXProducesLocalXAcceleration
362/370 Test: DynamicsTest.ThrustAlongBodyXProducesLocalXAcceleration
Command: "/Users/vincentning/Desktop/TrajSim/build/trajsim_tests" "--gtest_filter=DynamicsTest.ThrustAlongBodyXProducesLocalXAcceleration" "--gtest_also_run_disabled_tests"
Directory: /Users/vincentning/Desktop/TrajSim/build
"DynamicsTest.ThrustAlongBodyXProducesLocalXAcceleration" start time: Feb 27 01:13 PST
Output:
----------------------------------------------------------
Running main() from /Users/vincentning/Desktop/TrajSim/build/_deps/googletest-src/googletest/src/gtest_main.cc
Note: Google Test filter = DynamicsTest.ThrustAlongBodyXProducesLocalXAcceleration
[==========] Running 1 test from 1 test suite.
[----------] Global test environment set-up.
[----------] 1 test from DynamicsTest
[ RUN      ] DynamicsTest.ThrustAlongBodyXProducesLocalXAcceleration
[       OK ] DynamicsTest.ThrustAlongBodyXProducesLocalXAcceleration (0 ms)
[----------] 1 test from DynamicsTest (0 ms total)

[----------] Global test environment tear-down
[==========] 1 test from 1 test suite ran. (0 ms total)
[  PASSED  ] 1 test.
<end of output>
Test time =   0.01 sec
----------------------------------------------------------
Test Passed.
"DynamicsTest.ThrustAlongBodyXProducesLocalXAcceleration" end time: Feb 27 01:13 PST
"DynamicsTest.ThrustAlongBodyXProducesLocalXAcceleration" time elapsed: 00:00:00
----------------------------------------------------------

363/370 Testing: DynamicsTest.ThrustWithPitchProducesPositiveYAcceleration
363/370 Test: DynamicsTest.ThrustWithPitchProducesPositiveYAcceleration
Command: "/Users/vincentning/Desktop/TrajSim/build/trajsim_tests" "--gtest_filter=DynamicsTest.ThrustWithPitchProducesPositiveYAcceleration" "--gtest_also_run_disabled_tests"
Directory: /Users/vincentning/Desktop/TrajSim/build
"DynamicsTest.ThrustWithPitchProducesPositiveYAcceleration" start time: Feb 27 01:13 PST
Output:
----------------------------------------------------------
Running main() from /Users/vincentning/Desktop/TrajSim/build/_deps/googletest-src/googletest/src/gtest_main.cc
Note: Google Test filter = DynamicsTest.ThrustWithPitchProducesPositiveYAcceleration
[==========] Running 1 test from 1 test suite.
[----------] Global test environment set-up.
[----------] 1 test from DynamicsTest
[ RUN      ] DynamicsTest.ThrustWithPitchProducesPositiveYAcceleration
[       OK ] DynamicsTest.ThrustWithPitchProducesPositiveYAcceleration (0 ms)
[----------] 1 test from DynamicsTest (0 ms total)

[----------] Global test environment tear-down
[==========] 1 test from 1 test suite ran. (0 ms total)
[  PASSED  ] 1 test.
<end of output>
Test time =   0.01 sec
----------------------------------------------------------
Test Passed.
"DynamicsTest.ThrustWithPitchProducesPositiveYAcceleration" end time: Feb 27 01:13 PST
"DynamicsTest.ThrustWithPitchProducesPositiveYAcceleration" time elapsed: 00:00:00
----------------------------------------------------------

364/370 Testing: DynamicsTest.ThrustWithYawProducesNegativeZAcceleration
364/370 Test: DynamicsTest.ThrustWithYawProducesNegativeZAcceleration
Command: "/Users/vincentning/Desktop/TrajSim/build/trajsim_tests" "--gtest_filter=DynamicsTest.ThrustWithYawProducesNegativeZAcceleration" "--gtest_also_run_disabled_tests"
Directory: /Users/vincentning/Desktop/TrajSim/build
"DynamicsTest.ThrustWithYawProducesNegativeZAcceleration" start time: Feb 27 01:13 PST
Output:
----------------------------------------------------------
Running main() from /Users/vincentning/Desktop/TrajSim/build/_deps/googletest-src/googletest/src/gtest_main.cc
Note: Google Test filter = DynamicsTest.ThrustWithYawProducesNegativeZAcceleration
[==========] Running 1 test from 1 test suite.
[----------] Global test environment set-up.
[----------] 1 test from DynamicsTest
[ RUN      ] DynamicsTest.ThrustWithYawProducesNegativeZAcceleration
[       OK ] DynamicsTest.ThrustWithYawProducesNegativeZAcceleration (0 ms)
[----------] 1 test from DynamicsTest (0 ms total)

[----------] Global test environment tear-down
[==========] 1 test from 1 test suite ran. (0 ms total)
[  PASSED  ] 1 test.
<end of output>
Test time =   0.01 sec
----------------------------------------------------------
Test Passed.
"DynamicsTest.ThrustWithYawProducesNegativeZAcceleration" end time: Feb 27 01:13 PST
"DynamicsTest.ThrustWithYawProducesNegativeZAcceleration" time elapsed: 00:00:00
----------------------------------------------------------

365/370 Testing: DynamicsTest.MassFlowNegatesCorrectly
365/370 Test: DynamicsTest.MassFlowNegatesCorrectly
Command: "/Users/vincentning/Desktop/TrajSim/build/trajsim_tests" "--gtest_filter=DynamicsTest.MassFlowNegatesCorrectly" "--gtest_also_run_disabled_tests"
Directory: /Users/vincentning/Desktop/TrajSim/build
"DynamicsTest.MassFlowNegatesCorrectly" start time: Feb 27 01:13 PST
Output:
----------------------------------------------------------
Running main() from /Users/vincentning/Desktop/TrajSim/build/_deps/googletest-src/googletest/src/gtest_main.cc
Note: Google Test filter = DynamicsTest.MassFlowNegatesCorrectly
[==========] Running 1 test from 1 test suite.
[----------] Global test environment set-up.
[----------] 1 test from DynamicsTest
[ RUN      ] DynamicsTest.MassFlowNegatesCorrectly
[       OK ] DynamicsTest.MassFlowNegatesCorrectly (0 ms)
[----------] 1 test from DynamicsTest (0 ms total)

[----------] Global test environment tear-down
[==========] 1 test from 1 test suite ran. (0 ms total)
[  PASSED  ] 1 test.
<end of output>
Test time =   0.01 sec
----------------------------------------------------------
Test Passed.
"DynamicsTest.MassFlowNegatesCorrectly" end time: Feb 27 01:13 PST
"DynamicsTest.MassFlowNegatesCorrectly" time elapsed: 00:00:00
----------------------------------------------------------

366/370 Testing: DynamicsTest.ZeroMassFlowGivesZeroMassDot
366/370 Test: DynamicsTest.ZeroMassFlowGivesZeroMassDot
Command: "/Users/vincentning/Desktop/TrajSim/build/trajsim_tests" "--gtest_filter=DynamicsTest.ZeroMassFlowGivesZeroMassDot" "--gtest_also_run_disabled_tests"
Directory: /Users/vincentning/Desktop/TrajSim/build
"DynamicsTest.ZeroMassFlowGivesZeroMassDot" start time: Feb 27 01:13 PST
Output:
----------------------------------------------------------
Running main() from /Users/vincentning/Desktop/TrajSim/build/_deps/googletest-src/googletest/src/gtest_main.cc
Note: Google Test filter = DynamicsTest.ZeroMassFlowGivesZeroMassDot
[==========] Running 1 test from 1 test suite.
[----------] Global test environment set-up.
[----------] 1 test from DynamicsTest
[ RUN      ] DynamicsTest.ZeroMassFlowGivesZeroMassDot
[       OK ] DynamicsTest.ZeroMassFlowGivesZeroMassDot (0 ms)
[----------] 1 test from DynamicsTest (0 ms total)

[----------] Global test environment tear-down
[==========] 1 test from 1 test suite ran. (0 ms total)
[  PASSED  ] 1 test.
<end of output>
Test time =   0.01 sec
----------------------------------------------------------
Test Passed.
"DynamicsTest.ZeroMassFlowGivesZeroMassDot" end time: Feb 27 01:13 PST
"DynamicsTest.ZeroMassFlowGivesZeroMassDot" time elapsed: 00:00:00
----------------------------------------------------------

367/370 Testing: DynamicsTest.PositionDotEqualsVelocity
367/370 Test: DynamicsTest.PositionDotEqualsVelocity
Command: "/Users/vincentning/Desktop/TrajSim/build/trajsim_tests" "--gtest_filter=DynamicsTest.PositionDotEqualsVelocity" "--gtest_also_run_disabled_tests"
Directory: /Users/vincentning/Desktop/TrajSim/build
"DynamicsTest.PositionDotEqualsVelocity" start time: Feb 27 01:13 PST
Output:
----------------------------------------------------------
Running main() from /Users/vincentning/Desktop/TrajSim/build/_deps/googletest-src/googletest/src/gtest_main.cc
Note: Google Test filter = DynamicsTest.PositionDotEqualsVelocity
[==========] Running 1 test from 1 test suite.
[----------] Global test environment set-up.
[----------] 1 test from DynamicsTest
[ RUN      ] DynamicsTest.PositionDotEqualsVelocity
[       OK ] DynamicsTest.PositionDotEqualsVelocity (0 ms)
[----------] 1 test from DynamicsTest (0 ms total)

[----------] Global test environment tear-down
[==========] 1 test from 1 test suite ran. (0 ms total)
[  PASSED  ] 1 test.
<end of output>
Test time =   0.01 sec
----------------------------------------------------------
Test Passed.
"DynamicsTest.PositionDotEqualsVelocity" end time: Feb 27 01:13 PST
"DynamicsTest.PositionDotEqualsVelocity" time elapsed: 00:00:00
----------------------------------------------------------

368/370 Testing: DynamicsTest.NoPowerGravityDominatesAcceleration
368/370 Test: DynamicsTest.NoPowerGravityDominatesAcceleration
Command: "/Users/vincentning/Desktop/TrajSim/build/trajsim_tests" "--gtest_filter=DynamicsTest.NoPowerGravityDominatesAcceleration" "--gtest_also_run_disabled_tests"
Directory: /Users/vincentning/Desktop/TrajSim/build
"DynamicsTest.NoPowerGravityDominatesAcceleration" start time: Feb 27 01:13 PST
Output:
----------------------------------------------------------
Running main() from /Users/vincentning/Desktop/TrajSim/build/_deps/googletest-src/googletest/src/gtest_main.cc
Note: Google Test filter = DynamicsTest.NoPowerGravityDominatesAcceleration
[==========] Running 1 test from 1 test suite.
[----------] Global test environment set-up.
[----------] 1 test from DynamicsTest
[ RUN      ] DynamicsTest.NoPowerGravityDominatesAcceleration
[       OK ] DynamicsTest.NoPowerGravityDominatesAcceleration (0 ms)
[----------] 1 test from DynamicsTest (0 ms total)

[----------] Global test environment tear-down
[==========] 1 test from 1 test suite ran. (0 ms total)
[  PASSED  ] 1 test.
<end of output>
Test time =   0.01 sec
----------------------------------------------------------
Test Passed.
"DynamicsTest.NoPowerGravityDominatesAcceleration" end time: Feb 27 01:13 PST
"DynamicsTest.NoPowerGravityDominatesAcceleration" time elapsed: 00:00:00
----------------------------------------------------------

369/370 Testing: DynamicsTest.EvaluateProducesFiniteOutputForVariousStates
369/370 Test: DynamicsTest.EvaluateProducesFiniteOutputForVariousStates
Command: "/Users/vincentning/Desktop/TrajSim/build/trajsim_tests" "--gtest_filter=DynamicsTest.EvaluateProducesFiniteOutputForVariousStates" "--gtest_also_run_disabled_tests"
Directory: /Users/vincentning/Desktop/TrajSim/build
"DynamicsTest.EvaluateProducesFiniteOutputForVariousStates" start time: Feb 27 01:13 PST
Output:
----------------------------------------------------------
Running main() from /Users/vincentning/Desktop/TrajSim/build/_deps/googletest-src/googletest/src/gtest_main.cc
Note: Google Test filter = DynamicsTest.EvaluateProducesFiniteOutputForVariousStates
[==========] Running 1 test from 1 test suite.
[----------] Global test environment set-up.
[----------] 1 test from DynamicsTest
[ RUN      ] DynamicsTest.EvaluateProducesFiniteOutputForVariousStates
[       OK ] DynamicsTest.EvaluateProducesFiniteOutputForVariousStates (0 ms)
[----------] 1 test from DynamicsTest (0 ms total)

[----------] Global test environment tear-down
[==========] 1 test from 1 test suite ran. (0 ms total)
[  PASSED  ] 1 test.
<end of output>
Test time =   0.01 sec
----------------------------------------------------------
Test Passed.
"DynamicsTest.EvaluateProducesFiniteOutputForVariousStates" end time: Feb 27 01:13 PST
"DynamicsTest.EvaluateProducesFiniteOutputForVariousStates" time elapsed: 00:00:00
----------------------------------------------------------

370/370 Testing: DynamicsTest.DifferentLatitudesProduceDifferentAcceleration
370/370 Test: DynamicsTest.DifferentLatitudesProduceDifferentAcceleration
Command: "/Users/vincentning/Desktop/TrajSim/build/trajsim_tests" "--gtest_filter=DynamicsTest.DifferentLatitudesProduceDifferentAcceleration" "--gtest_also_run_disabled_tests"
Directory: /Users/vincentning/Desktop/TrajSim/build
"DynamicsTest.DifferentLatitudesProduceDifferentAcceleration" start time: Feb 27 01:13 PST
Output:
----------------------------------------------------------
Running main() from /Users/vincentning/Desktop/TrajSim/build/_deps/googletest-src/googletest/src/gtest_main.cc
Note: Google Test filter = DynamicsTest.DifferentLatitudesProduceDifferentAcceleration
[==========] Running 1 test from 1 test suite.
[----------] Global test environment set-up.
[----------] 1 test from DynamicsTest
[ RUN      ] DynamicsTest.DifferentLatitudesProduceDifferentAcceleration
[       OK ] DynamicsTest.DifferentLatitudesProduceDifferentAcceleration (0 ms)
[----------] 1 test from DynamicsTest (0 ms total)

[----------] Global test environment tear-down
[==========] 1 test from 1 test suite ran. (0 ms total)
[  PASSED  ] 1 test.
<end of output>
Test time =   0.01 sec
----------------------------------------------------------
Test Passed.
"DynamicsTest.DifferentLatitudesProduceDifferentAcceleration" end time: Feb 27 01:13 PST
"DynamicsTest.DifferentLatitudesProduceDifferentAcceleration" time elapsed: 00:00:00
----------------------------------------------------------

End testing: Feb 27 01:13 PST
